{
  message: '::1 - - [28/Aug/2020:17:29:41 +0000] "POST /api/auth HTTP/1.1" 200 176 "-" "PostmanRuntime/7.26.3"\n',
  level: 'info',
  timestamp: '2020-08-28 23:59:41'
}
{
  message: '::1 - - [28/Aug/2020:17:30:02 +0000] "GET /api/gradings/academic-year/5/roll-no/4IST-3R/gpa HTTP/1.1" 401 63 "-" "PostmanRuntime/7.26.3"\n',
  level: 'info',
  timestamp: '2020-08-29 00:00:02'
}
{
  level: 'error',
  message: 'calculateFinalYearGPA is not defined calculateFinalYearGPA is not defined',
  stack: 'ReferenceError: calculateFinalYearGPA is not defined\n' +
    '    at exports.getFinalYearGPA (/home/hello-world/Thesis/SMS-API/src/controllers/gradings.js:157:24)\n' +
    '    at processTicksAndRejections (internal/process/task_queues.js:97:5)',
  timestamp: '2020-08-29 00:00:19'
}
{
  message: '::1 - - [28/Aug/2020:17:30:19 +0000] "GET /api/gradings/academic-year/5/roll-no/4IST-3R/gpa HTTP/1.1" 500 72 "-" "PostmanRuntime/7.26.3"\n',
  level: 'info',
  timestamp: '2020-08-29 00:00:19'
}
{
  message: '::1 - - [28/Aug/2020:17:32:19 +0000] "GET /api/gradings/academic-year/5/roll-no/4IST-3R/gpa HTTP/1.1" 200 49 "-" "PostmanRuntime/7.26.3"\n',
  level: 'info',
  timestamp: '2020-08-29 00:02:19'
}
{
  message: '::1 - - [28/Aug/2020:17:34:31 +0000] "GET /api/gradings/academic-year/5/roll-no/4EcE-35R/gpa HTTP/1.1" 200 48 "-" "PostmanRuntime/7.26.3"\n',
  level: 'info',
  timestamp: '2020-08-29 00:04:31'
}
{
  message: '::1 - - [28/Aug/2020:17:35:06 +0000] "GET /api/gradings/academic-year/5/roll-no/4EcE-35R/gpa HTTP/1.1" 200 48 "-" "PostmanRuntime/7.26.3"\n',
  level: 'info',
  timestamp: '2020-08-29 00:05:06'
}
{
  message: '::1 - - [28/Aug/2020:17:35:29 +0000] "GET /api/gradings/academic-year/5/roll-no/4EcE-35R/gpa HTTP/1.1" 200 138 "-" "PostmanRuntime/7.26.3"\n',
  level: 'info',
  timestamp: '2020-08-29 00:05:29'
}
{
  message: '::1 - - [28/Aug/2020:17:36:10 +0000] "GET /api/gradings/academic-year/5/roll-no/4EcE-35R/gpa HTTP/1.1" 200 291 "-" "PostmanRuntime/7.26.3"\n',
  level: 'info',
  timestamp: '2020-08-29 00:06:10'
}
{
  message: '::1 - - [28/Aug/2020:17:44:59 +0000] "GET /api/gradings/academic-year/5/roll-no/4EcE-35R/gpa HTTP/1.1" 200 240 "-" "PostmanRuntime/7.26.3"\n',
  level: 'info',
  timestamp: '2020-08-29 00:14:59'
}
{
  message: '::1 - - [28/Aug/2020:17:45:13 +0000] "GET /api/gradings/academic-year/5/roll-no/4EcE-35R/gpa HTTP/1.1" 200 291 "-" "PostmanRuntime/7.26.3"\n',
  level: 'info',
  timestamp: '2020-08-29 00:15:13'
}
{
  message: '::1 - - [28/Aug/2020:17:45:23 +0000] "GET /api/gradings/academic-year/5/roll-no/4EcE-35R/gpa HTTP/1.1" 200 240 "-" "PostmanRuntime/7.26.3"\n',
  level: 'info',
  timestamp: '2020-08-29 00:15:23'
}
{
  name: 'SequelizeEagerLoadingError',
  level: 'error',
  message: "Grading is associated to Enrollment using an alias. You've included an alias (g), but it does not match the alias(es) defined in your association (grading). Grading is associated to Enrollment using an alias. You've included an alias (g), but it does not match the alias(es) defined in your association (grading).",
  stack: "SequelizeEagerLoadingError: Grading is associated to Enrollment using an alias. You've included an alias (g), but it does not match the alias(es) defined in your association (grading).\n" +
    '    at Function._getIncludedAssociation (/home/hello-world/Thesis/SMS-API/node_modules/sequelize/lib/model.js:719:15)\n' +
    '    at Function._validateIncludedElement (/home/hello-world/Thesis/SMS-API/node_modules/sequelize/lib/model.js:614:53)\n' +
    '    at /home/hello-world/Thesis/SMS-API/node_modules/sequelize/lib/model.js:509:37\n' +
    '    at Array.map (<anonymous>)\n' +
    '    at Function._validateIncludedElements (/home/hello-world/Thesis/SMS-API/node_modules/sequelize/lib/model.js:504:39)\n' +
    '    at Function.findAll (/home/hello-world/Thesis/SMS-API/node_modules/sequelize/lib/model.js:1711:12)\n' +
    '    at async exports.getFinalYearGPA (/home/hello-world/Thesis/SMS-API/src/controllers/gradings.js:140:20)',
  timestamp: '2020-08-29 00:15:40'
}
{
  message: '::1 - - [28/Aug/2020:17:45:40 +0000] "GET /api/gradings/academic-year/5/roll-no/4EcE-35R/gpa HTTP/1.1" 500 72 "-" "PostmanRuntime/7.26.3"\n',
  level: 'info',
  timestamp: '2020-08-29 00:15:40'
}
{
  message: '::1 - - [28/Aug/2020:17:45:46 +0000] "GET /api/gradings/academic-year/5/roll-no/4EcE-35R/gpa HTTP/1.1" 200 240 "-" "PostmanRuntime/7.26.3"\n',
  level: 'info',
  timestamp: '2020-08-29 00:15:46'
}
{
  level: 'error',
  message: 'gradings.map is not a function gradings.map is not a function',
  stack: 'TypeError: gradings.map is not a function\n' +
    '    at module.exports (/home/hello-world/Thesis/SMS-API/src/utils/calculateFinalYearGPA.js:11:12)\n' +
    '    at exports.getFinalYearGPA (/home/hello-world/Thesis/SMS-API/src/controllers/gradings.js:158:24)\n' +
    '    at processTicksAndRejections (internal/process/task_queues.js:97:5)',
  timestamp: '2020-08-29 00:19:13'
}
{
  message: '::1 - - [28/Aug/2020:17:49:13 +0000] "GET /api/gradings/academic-year/5/roll-no/4EcE-35R/gpa HTTP/1.1" 500 72 "-" "PostmanRuntime/7.26.3"\n',
  level: 'info',
  timestamp: '2020-08-29 00:19:13'
}
{
  level: 'error',
  message: 'gradings.map is not a function gradings.map is not a function',
  stack: 'TypeError: gradings.map is not a function\n' +
    '    at module.exports (/home/hello-world/Thesis/SMS-API/src/utils/calculateFinalYearGPA.js:11:12)\n' +
    '    at exports.getFinalYearGPA (/home/hello-world/Thesis/SMS-API/src/controllers/gradings.js:158:24)\n' +
    '    at processTicksAndRejections (internal/process/task_queues.js:97:5)',
  timestamp: '2020-08-29 00:19:22'
}
{
  message: '::1 - - [28/Aug/2020:17:49:22 +0000] "GET /api/gradings/academic-year/5/roll-no/4EcE-35R/gpa HTTP/1.1" 500 72 "-" "PostmanRuntime/7.26.3"\n',
  level: 'info',
  timestamp: '2020-08-29 00:19:22'
}
{
  level: 'error',
  message: 'gradings.map is not a function gradings.map is not a function',
  stack: 'TypeError: gradings.map is not a function\n' +
    '    at module.exports (/home/hello-world/Thesis/SMS-API/src/utils/calculateFinalYearGPA.js:12:12)\n' +
    '    at exports.getFinalYearGPA (/home/hello-world/Thesis/SMS-API/src/controllers/gradings.js:158:24)\n' +
    '    at processTicksAndRejections (internal/process/task_queues.js:97:5)',
  timestamp: '2020-08-29 00:22:20'
}
{
  message: '::1 - - [28/Aug/2020:17:52:20 +0000] "GET /api/gradings/academic-year/5/roll-no/4EcE-35R/gpa HTTP/1.1" 500 72 "-" "PostmanRuntime/7.26.3"\n',
  level: 'info',
  timestamp: '2020-08-29 00:22:20'
}
{
  level: 'error',
  message: 'Expected to get an array, got function Number() { [native code] }  Expected to get an array, got function Number() { [native code] } ',
  stack: 'Error: Expected to get an array, got function Number() { [native code] } \n' +
    '    at module.exports (/home/hello-world/Thesis/SMS-API/src/utils/calculateFinalYearGPA.js:10:11)\n' +
    '    at exports.getFinalYearGPA (/home/hello-world/Thesis/SMS-API/src/controllers/gradings.js:158:24)\n' +
    '    at processTicksAndRejections (internal/process/task_queues.js:97:5)',
  timestamp: '2020-08-29 00:23:10'
}
{
  message: '::1 - - [28/Aug/2020:17:53:10 +0000] "GET /api/gradings/academic-year/5/roll-no/4EcE-35R/gpa HTTP/1.1" 500 72 "-" "PostmanRuntime/7.26.3"\n',
  level: 'info',
  timestamp: '2020-08-29 00:23:10'
}
{
  level: 'error',
  message: 'Expected to get an array, got number  Expected to get an array, got number ',
  stack: 'Error: Expected to get an array, got number \n' +
    '    at module.exports (/home/hello-world/Thesis/SMS-API/src/utils/calculateFinalYearGPA.js:10:11)\n' +
    '    at exports.getFinalYearGPA (/home/hello-world/Thesis/SMS-API/src/controllers/gradings.js:158:24)\n' +
    '    at processTicksAndRejections (internal/process/task_queues.js:97:5)',
  timestamp: '2020-08-29 00:24:21'
}
{
  message: '::1 - - [28/Aug/2020:17:54:21 +0000] "GET /api/gradings/academic-year/5/roll-no/4EcE-35R/gpa HTTP/1.1" 500 72 "-" "PostmanRuntime/7.26.3"\n',
  level: 'info',
  timestamp: '2020-08-29 00:24:21'
}
{
  message: '::1 - - [28/Aug/2020:18:11:26 +0000] "GET /api/gradings/academic-year/5/roll-no/4EcE-35R/gpa HTTP/1.1" 200 240 "-" "PostmanRuntime/7.26.3"\n',
  level: 'info',
  timestamp: '2020-08-29 00:41:26'
}
{
  message: '::1 - - [28/Aug/2020:18:18:38 +0000] "GET /api/gradings/academic-year/5/roll-no/4EcE-5R/gpa HTTP/1.1" 200 63 "-" "PostmanRuntime/7.26.3"\n',
  level: 'info',
  timestamp: '2020-08-29 00:48:38'
}
{
  message: '::1 - - [28/Aug/2020:18:21:31 +0000] "GET /api/gradings/academic-year/5/roll-no/4EcE-5R/gpa HTTP/1.1" 200 63 "-" "PostmanRuntime/7.26.3"\n',
  level: 'info',
  timestamp: '2020-08-29 00:51:31'
}
{
  message: '::1 - - [28/Aug/2020:18:22:26 +0000] "GET /api/gradings/academic-year/5/roll-no/4EcE-5R/gpa HTTP/1.1" 404 38 "-" "PostmanRuntime/7.26.3"\n',
  level: 'info',
  timestamp: '2020-08-29 00:52:26'
}
{
  message: '::1 - - [28/Aug/2020:18:25:54 +0000] "GET /api/gradings/academic-year/5/roll-no/4EcE-5R/gpa HTTP/1.1" 404 38 "-" "PostmanRuntime/7.26.3"\n',
  level: 'info',
  timestamp: '2020-08-29 00:55:54'
}
{
  message: '::1 - - [28/Aug/2020:18:25:57 +0000] "GET /api/gradings/academic-year/5/roll-no/4EcE-35R/gpa HTTP/1.1" 200 240 "-" "PostmanRuntime/7.26.3"\n',
  level: 'info',
  timestamp: '2020-08-29 00:55:57'
}
{
  message: '::1 - - [29/Aug/2020:05:12:11 +0000] "GET /api/gradings/academic-year/5/roll-no/4EcE-35R/gpa HTTP/1.1" 200 240 "-" "PostmanRuntime/7.26.3"\n',
  level: 'info',
  timestamp: '2020-08-29 11:42:11'
}
{
  message: '::1 - - [09/Dec/2020:07:13:49 +0000] "POST /api/students/csv HTTP/1.1" 401 63 "-" "PostmanRuntime/7.26.8"\n',
  level: 'info',
  timestamp: '2020-12-09 13:43:49'
}
{
  message: '::1 - - [09/Dec/2020:07:14:30 +0000] "POST /api/students/csv HTTP/1.1" 401 63 "-" "PostmanRuntime/7.26.8"\n',
  level: 'info',
  timestamp: '2020-12-09 13:44:30'
}
{
  message: '::1 - - [09/Dec/2020:07:14:49 +0000] "POST /api/auth HTTP/1.1" 200 176 "-" "PostmanRuntime/7.26.8"\n',
  level: 'info',
  timestamp: '2020-12-09 13:44:49'
}
{
  message: '::1 - - [09/Dec/2020:07:14:58 +0000] "GET /api/users/me HTTP/1.1" 200 100 "-" "PostmanRuntime/7.26.8"\n',
  level: 'info',
  timestamp: '2020-12-09 13:44:58'
}
{
  message: '::1 - - [09/Dec/2020:07:15:25 +0000] "POST /api/students/csv HTTP/1.1" 401 63 "-" "PostmanRuntime/7.26.8"\n',
  level: 'info',
  timestamp: '2020-12-09 13:45:25'
}
{
  message: '::1 - - [09/Dec/2020:07:16:11 +0000] "POST /api/students/csv HTTP/1.1" 403 43 "-" "PostmanRuntime/7.26.8"\n',
  level: 'info',
  timestamp: '2020-12-09 13:46:11'
}
{
  message: '::1 - - [09/Dec/2020:07:16:36 +0000] "POST /api/auth HTTP/1.1" 200 176 "-" "PostmanRuntime/7.26.8"\n',
  level: 'info',
  timestamp: '2020-12-09 13:46:36'
}
{
  message: '::1 - - [09/Dec/2020:07:17:00 +0000] "POST /api/students/csv HTTP/1.1" 400 44 "-" "PostmanRuntime/7.26.8"\n',
  level: 'info',
  timestamp: '2020-12-09 13:47:00'
}
{
  message: '::1 - - [09/Dec/2020:07:17:28 +0000] "POST /api/students/csv HTTP/1.1" 403 43 "-" "PostmanRuntime/7.26.8"\n',
  level: 'info',
  timestamp: '2020-12-09 13:47:28'
}
{
  message: '::1 - - [09/Dec/2020:07:18:33 +0000] "POST /api/students/csv HTTP/1.1" 401 63 "-" "PostmanRuntime/7.26.8"\n',
  level: 'info',
  timestamp: '2020-12-09 13:48:33'
}
{
  message: '::1 - - [09/Dec/2020:07:18:58 +0000] "POST /api/students/csv HTTP/1.1" 401 63 "-" "PostmanRuntime/7.26.8"\n',
  level: 'info',
  timestamp: '2020-12-09 13:48:58'
}
{
  message: '::1 - - [09/Dec/2020:07:20:56 +0000] "POST /api/students/csv HTTP/1.1" - - "-" "PostmanRuntime/7.26.8"\n',
  level: 'info',
  timestamp: '2020-12-09 13:50:56'
}
{
  message: '::1 - - [09/Dec/2020:07:22:41 +0000] "POST /api/students/csv HTTP/1.1" - - "-" "PostmanRuntime/7.26.8"\n',
  level: 'info',
  timestamp: '2020-12-09 13:52:41'
}
{
  level: 'error',
  message: 'Undefined Route! Undefined Route!',
  stack: 'Error: Undefined Route!\n' +
    '    at /home/hello-world/Thesis/SMS-API/src/startup/router.js:16:41\n' +
    '    at newFn (/home/hello-world/Thesis/SMS-API/node_modules/express-async-errors/index.js:16:20)\n' +
    '    at Layer.handle [as handle_request] (/home/hello-world/Thesis/SMS-API/node_modules/express/lib/router/layer.js:95:5)\n' +
    '    at next (/home/hello-world/Thesis/SMS-API/node_modules/express/lib/router/route.js:137:13)\n' +
    '    at next (/home/hello-world/Thesis/SMS-API/node_modules/express/lib/router/route.js:131:14)\n' +
    '    at next (/home/hello-world/Thesis/SMS-API/node_modules/express/lib/router/route.js:131:14)\n' +
    '    at next (/home/hello-world/Thesis/SMS-API/node_modules/express/lib/router/route.js:131:14)\n' +
    '    at next (/home/hello-world/Thesis/SMS-API/node_modules/express/lib/router/route.js:131:14)\n' +
    '    at next (/home/hello-world/Thesis/SMS-API/node_modules/express/lib/router/route.js:131:14)\n' +
    '    at next (/home/hello-world/Thesis/SMS-API/node_modules/express/lib/router/route.js:131:14)',
  timestamp: '2020-12-09 14:28:44'
}
{
  message: '::1 - - [09/Dec/2020:07:58:44 +0000] "POST /students/csv/academicYear/6/major/1/attendanceYear/1 HTTP/1.1" 500 72 "-" "PostmanRuntime/7.26.8"\n',
  level: 'info',
  timestamp: '2020-12-09 14:28:44'
}
{
  message: '::1 - - [09/Dec/2020:07:59:47 +0000] "POST /api/students/csv/academicYear/6/major/1/attendanceYear/1 HTTP/1.1" - - "-" "PostmanRuntime/7.26.8"\n',
  level: 'info',
  timestamp: '2020-12-09 14:29:47'
}
{
  name: 'SequelizeAccessDeniedError',
  parent: Error: Access denied for user ''@'localhost' (using password: YES)
      at Packet.asError (/home/hello-world/Thesis/SMS-API/node_modules/mysql2/lib/packets/packet.js:712:17)
      at ClientHandshake.execute (/home/hello-world/Thesis/SMS-API/node_modules/mysql2/lib/commands/command.js:28:26)
      at Connection.handlePacket (/home/hello-world/Thesis/SMS-API/node_modules/mysql2/lib/connection.js:417:32)
      at PacketParser.onPacket (/home/hello-world/Thesis/SMS-API/node_modules/mysql2/lib/connection.js:75:12)
      at PacketParser.executeStart (/home/hello-world/Thesis/SMS-API/node_modules/mysql2/lib/packet_parser.js:75:16)
      at Socket.<anonymous> (/home/hello-world/Thesis/SMS-API/node_modules/mysql2/lib/connection.js:82:25)
      at Socket.emit (events.js:315:20)
      at addChunk (_stream_readable.js:302:12)
      at readableAddChunk (_stream_readable.js:278:9)
      at Socket.Readable.push (_stream_readable.js:217:10) {
    code: 'ER_ACCESS_DENIED_ERROR',
    errno: 1045,
    sqlState: '28000',
    sqlMessage: "Access denied for user ''@'localhost' (using password: YES)"
  },
  original: Error: Access denied for user ''@'localhost' (using password: YES)
      at Packet.asError (/home/hello-world/Thesis/SMS-API/node_modules/mysql2/lib/packets/packet.js:712:17)
      at ClientHandshake.execute (/home/hello-world/Thesis/SMS-API/node_modules/mysql2/lib/commands/command.js:28:26)
      at Connection.handlePacket (/home/hello-world/Thesis/SMS-API/node_modules/mysql2/lib/connection.js:417:32)
      at PacketParser.onPacket (/home/hello-world/Thesis/SMS-API/node_modules/mysql2/lib/connection.js:75:12)
      at PacketParser.executeStart (/home/hello-world/Thesis/SMS-API/node_modules/mysql2/lib/packet_parser.js:75:16)
      at Socket.<anonymous> (/home/hello-world/Thesis/SMS-API/node_modules/mysql2/lib/connection.js:82:25)
      at Socket.emit (events.js:315:20)
      at addChunk (_stream_readable.js:302:12)
      at readableAddChunk (_stream_readable.js:278:9)
      at Socket.Readable.push (_stream_readable.js:217:10) {
    code: 'ER_ACCESS_DENIED_ERROR',
    errno: 1045,
    sqlState: '28000',
    sqlMessage: "Access denied for user ''@'localhost' (using password: YES)"
  },
  level: 'error',
  message: 'Unable to connect to the database.🌚😌\n' +
    " Access denied for user ''@'localhost' (using password: YES)",
  stack: "SequelizeAccessDeniedError: Access denied for user ''@'localhost' (using password: YES)\n" +
    '    at ConnectionManager.connect (/home/hello-world/Thesis/SMS-API/node_modules/sequelize/lib/dialects/mysql/connection-manager.js:118:17)\n' +
    '    at processTicksAndRejections (internal/process/task_queues.js:97:5)\n' +
    '    at async ConnectionManager._connect (/home/hello-world/Thesis/SMS-API/node_modules/sequelize/lib/dialects/abstract/connection-manager.js:318:24)\n' +
    '    at async /home/hello-world/Thesis/SMS-API/node_modules/sequelize/lib/dialects/abstract/connection-manager.js:250:32\n' +
    '    at async ConnectionManager.getConnection (/home/hello-world/Thesis/SMS-API/node_modules/sequelize/lib/dialects/abstract/connection-manager.js:280:7)\n' +
    '    at async /home/hello-world/Thesis/SMS-API/node_modules/sequelize/lib/sequelize.js:613:26\n' +
    '    at async Sequelize.authenticate (/home/hello-world/Thesis/SMS-API/node_modules/sequelize/lib/sequelize.js:867:5)',
  timestamp: '2020-12-09 15:39:39'
}
{
  message: '::1 - - [09/Dec/2020:09:36:31 +0000] "POST /api/students/csv/academicYear/6/major/1/attendanceYear/1 HTTP/1.1" - - "-" "PostmanRuntime/7.26.8"\n',
  level: 'info',
  timestamp: '2020-12-09 16:06:31'
}
{
  level: 'error',
  message: "Cannot read property 'findAll' of undefined Cannot read property 'findAll' of undefined",
  stack: "TypeError: Cannot read property 'findAll' of undefined\n" +
    '    at exports.importWithCSV (/home/hello-world/Thesis/SMS-API/src/controllers/students.js:49:44)\n' +
    '    at newFn (/home/hello-world/Thesis/SMS-API/node_modules/express-async-errors/index.js:16:20)\n' +
    '    at Layer.handle [as handle_request] (/home/hello-world/Thesis/SMS-API/node_modules/express/lib/router/layer.js:95:5)\n' +
    '    at next (/home/hello-world/Thesis/SMS-API/node_modules/express/lib/router/route.js:137:13)\n' +
    '    at Immediate.<anonymous> (/home/hello-world/Thesis/SMS-API/node_modules/multer/lib/make-middleware.js:53:37)\n' +
    '    at processImmediate (internal/timers.js:458:21)',
  timestamp: '2020-12-09 16:37:07'
}
{
  message: '::1 - - [09/Dec/2020:10:07:07 +0000] "POST /api/students/csv/academicYear/6/major/1/attendanceYear/1 HTTP/1.1" 500 72 "-" "PostmanRuntime/7.26.8"\n',
  level: 'info',
  timestamp: '2020-12-09 16:37:07'
}
{
  message: '::1 - - [11/Dec/2020:16:22:07 +0000] "POST /api/auth HTTP/1.1" 400 28 "-" "PostmanRuntime/7.26.8"\n',
  level: 'info',
  timestamp: '2020-12-11 22:52:07'
}
{
  message: '::1 - - [11/Dec/2020:16:23:33 +0000] "POST /api/users HTTP/1.1" 200 86 "-" "PostmanRuntime/7.26.8"\n',
  level: 'info',
  timestamp: '2020-12-11 22:53:33'
}
{
  message: '::1 - - [11/Dec/2020:16:23:44 +0000] "POST /api/auth HTTP/1.1" 200 175 "-" "PostmanRuntime/7.26.8"\n',
  level: 'info',
  timestamp: '2020-12-11 22:53:44'
}
{
  message: '::1 - - [11/Dec/2020:16:24:18 +0000] "POST /api/students/csv/academicYear/6/major/1/attendanceYear/1 HTTP/1.1" 403 43 "-" "PostmanRuntime/7.26.8"\n',
  level: 'info',
  timestamp: '2020-12-11 22:54:18'
}
{
  message: '::1 - - [11/Dec/2020:16:25:34 +0000] "POST /api/students/csv/academicYear/6/major/1/attendanceYear/1 HTTP/1.1" 403 88 "-" "PostmanRuntime/7.26.8"\n',
  level: 'info',
  timestamp: '2020-12-11 22:55:34'
}
{
  message: '::1 - - [11/Dec/2020:16:26:08 +0000] "POST /api/users HTTP/1.1" 400 25 "-" "PostmanRuntime/7.26.8"\n',
  level: 'info',
  timestamp: '2020-12-11 22:56:08'
}
{
  message: '::1 - - [11/Dec/2020:16:26:18 +0000] "POST /api/users HTTP/1.1" 200 87 "-" "PostmanRuntime/7.26.8"\n',
  level: 'info',
  timestamp: '2020-12-11 22:56:18'
}
{
  message: '::1 - - [11/Dec/2020:16:26:29 +0000] "POST /api/auth HTTP/1.1" 200 176 "-" "PostmanRuntime/7.26.8"\n',
  level: 'info',
  timestamp: '2020-12-11 22:56:29'
}
{
  message: '::1 - - [13/Dec/2020:16:25:30 +0000] "GET /api/students/academic-year/6/major/1/attendance-year/ HTTP/1.1" 400 44 "-" "PostmanRuntime/7.26.8"\n',
  level: 'info',
  timestamp: '2020-12-13 22:55:30'
}
{
  message: '::1 - - [13/Dec/2020:16:29:24 +0000] "POST /api/auth HTTP/1.1" 200 176 "-" "PostmanRuntime/7.26.8"\n',
  level: 'info',
  timestamp: '2020-12-13 22:59:24'
}
{
  level: 'error',
  message: 'Undefined Route! Undefined Route!',
  stack: 'Error: Undefined Route!\n' +
    '    at /home/hello-world/Thesis/SMS-API/src/startup/router.js:16:41\n' +
    '    at newFn (/home/hello-world/Thesis/SMS-API/node_modules/express-async-errors/index.js:16:20)\n' +
    '    at Layer.handle [as handle_request] (/home/hello-world/Thesis/SMS-API/node_modules/express/lib/router/layer.js:95:5)\n' +
    '    at next (/home/hello-world/Thesis/SMS-API/node_modules/express/lib/router/route.js:137:13)\n' +
    '    at next (/home/hello-world/Thesis/SMS-API/node_modules/express/lib/router/route.js:131:14)\n' +
    '    at next (/home/hello-world/Thesis/SMS-API/node_modules/express/lib/router/route.js:131:14)\n' +
    '    at next (/home/hello-world/Thesis/SMS-API/node_modules/express/lib/router/route.js:131:14)\n' +
    '    at next (/home/hello-world/Thesis/SMS-API/node_modules/express/lib/router/route.js:131:14)\n' +
    '    at next (/home/hello-world/Thesis/SMS-API/node_modules/express/lib/router/route.js:131:14)\n' +
    '    at next (/home/hello-world/Thesis/SMS-API/node_modules/express/lib/router/route.js:131:14)',
  timestamp: '2020-12-13 22:59:51'
}
{
  message: '::1 - - [13/Dec/2020:16:29:51 +0000] "GET /api/students/academic-year/6/major/1/attendance-year/ HTTP/1.1" 500 72 "-" "PostmanRuntime/7.26.8"\n',
  level: 'info',
  timestamp: '2020-12-13 22:59:51'
}
{
  message: '::1 - - [13/Dec/2020:16:30:13 +0000] "GET /api/students/academic-year/6 HTTP/1.1" 200 1197 "-" "PostmanRuntime/7.26.8"\n',
  level: 'info',
  timestamp: '2020-12-13 23:00:13'
}
{
  message: '::1 - - [13/Dec/2020:16:30:40 +0000] "GET /api/students/academic-year/6/major/1 HTTP/1.1" 400 44 "-" "PostmanRuntime/7.26.8"\n',
  level: 'info',
  timestamp: '2020-12-13 23:00:40'
}
{
  level: 'error',
  message: 'Undefined Route! Undefined Route!',
  stack: 'Error: Undefined Route!\n' +
    '    at /home/hello-world/Thesis/SMS-API/src/startup/router.js:16:41\n' +
    '    at newFn (/home/hello-world/Thesis/SMS-API/node_modules/express-async-errors/index.js:16:20)\n' +
    '    at Layer.handle [as handle_request] (/home/hello-world/Thesis/SMS-API/node_modules/express/lib/router/layer.js:95:5)\n' +
    '    at next (/home/hello-world/Thesis/SMS-API/node_modules/express/lib/router/route.js:137:13)\n' +
    '    at next (/home/hello-world/Thesis/SMS-API/node_modules/express/lib/router/route.js:131:14)\n' +
    '    at next (/home/hello-world/Thesis/SMS-API/node_modules/express/lib/router/route.js:131:14)\n' +
    '    at next (/home/hello-world/Thesis/SMS-API/node_modules/express/lib/router/route.js:131:14)\n' +
    '    at next (/home/hello-world/Thesis/SMS-API/node_modules/express/lib/router/route.js:131:14)\n' +
    '    at next (/home/hello-world/Thesis/SMS-API/node_modules/express/lib/router/route.js:131:14)\n' +
    '    at next (/home/hello-world/Thesis/SMS-API/node_modules/express/lib/router/route.js:131:14)',
  timestamp: '2020-12-13 23:00:53'
}
{
  message: '::1 - - [13/Dec/2020:16:30:53 +0000] "GET /api/students/academic-year/6/major/1 HTTP/1.1" 500 72 "-" "PostmanRuntime/7.26.8"\n',
  level: 'info',
  timestamp: '2020-12-13 23:00:53'
}
{
  message: '::1 - - [13/Dec/2020:16:50:08 +0000] "GET /api/students/academic-year/6/major/1 HTTP/1.1" 404 38 "-" "PostmanRuntime/7.26.8"\n',
  level: 'info',
  timestamp: '2020-12-13 23:20:08'
}
{
  message: '::1 - - [13/Dec/2020:16:53:10 +0000] "GET /api/students/academic-year/6/major/1 HTTP/1.1" 404 38 "-" "PostmanRuntime/7.26.8"\n',
  level: 'info',
  timestamp: '2020-12-13 23:23:10'
}
{
  message: '::1 - - [13/Dec/2020:16:53:40 +0000] "GET /api/students/academic-year/6/major/1 HTTP/1.1" 404 38 "-" "PostmanRuntime/7.26.8"\n',
  level: 'info',
  timestamp: '2020-12-13 23:23:40'
}
{
  message: '::1 - - [13/Dec/2020:16:55:40 +0000] "GET /api/students/academic-year/6/major/1 HTTP/1.1" 404 38 "-" "PostmanRuntime/7.26.8"\n',
  level: 'info',
  timestamp: '2020-12-13 23:25:40'
}
{
  level: 'error',
  message: "Cannot read property 'length' of undefined Cannot read property 'length' of undefined",
  stack: "TypeError: Cannot read property 'length' of undefined\n" +
    '    at /home/hello-world/Thesis/SMS-API/src/controllers/students.js:403:35\n' +
    '    at Array.map (<anonymous>)\n' +
    '    at exports.filterStudents (/home/hello-world/Thesis/SMS-API/src/controllers/students.js:402:14)\n' +
    '    at processTicksAndRejections (internal/process/task_queues.js:97:5)',
  timestamp: '2020-12-13 23:27:01'
}
{
  message: '::1 - - [13/Dec/2020:16:57:01 +0000] "GET /api/students/academic-year/6/major/1 HTTP/1.1" 500 72 "-" "PostmanRuntime/7.26.8"\n',
  level: 'info',
  timestamp: '2020-12-13 23:27:01'
}
{
  level: 'error',
  message: "Cannot read property 'length' of undefined Cannot read property 'length' of undefined",
  stack: "TypeError: Cannot read property 'length' of undefined\n" +
    '    at /home/hello-world/Thesis/SMS-API/src/controllers/students.js:403:35\n' +
    '    at Array.map (<anonymous>)\n' +
    '    at exports.filterStudents (/home/hello-world/Thesis/SMS-API/src/controllers/students.js:402:14)\n' +
    '    at processTicksAndRejections (internal/process/task_queues.js:97:5)',
  timestamp: '2020-12-13 23:28:49'
}
{
  message: '::1 - - [13/Dec/2020:16:58:49 +0000] "GET /api/students/academic-year/6/major/1 HTTP/1.1" 500 103 "-" "PostmanRuntime/7.26.8"\n',
  level: 'info',
  timestamp: '2020-12-13 23:28:49'
}
{
  level: 'error',
  message: "Cannot read property 'length' of undefined Cannot read property 'length' of undefined",
  stack: "TypeError: Cannot read property 'length' of undefined\n" +
    '    at /home/hello-world/Thesis/SMS-API/src/controllers/students.js:403:35\n' +
    '    at Array.map (<anonymous>)\n' +
    '    at exports.filterStudents (/home/hello-world/Thesis/SMS-API/src/controllers/students.js:402:14)\n' +
    '    at processTicksAndRejections (internal/process/task_queues.js:97:5)',
  timestamp: '2020-12-13 23:28:58'
}
{
  message: '::1 - - [13/Dec/2020:16:58:58 +0000] "GET /api/students/academic-year/6/major/1 HTTP/1.1" 500 105 "-" "PostmanRuntime/7.26.8"\n',
  level: 'info',
  timestamp: '2020-12-13 23:28:58'
}
{
  level: 'error',
  message: "Cannot read property 'length' of undefined Cannot read property 'length' of undefined",
  stack: "TypeError: Cannot read property 'length' of undefined\n" +
    '    at /home/hello-world/Thesis/SMS-API/src/controllers/students.js:403:35\n' +
    '    at Array.map (<anonymous>)\n' +
    '    at exports.filterStudents (/home/hello-world/Thesis/SMS-API/src/controllers/students.js:402:14)\n' +
    '    at processTicksAndRejections (internal/process/task_queues.js:97:5)',
  timestamp: '2020-12-13 23:29:31'
}
{
  message: '::1 - - [13/Dec/2020:16:59:31 +0000] "GET /api/students/academic-year/6/major/1 HTTP/1.1" 500 103 "-" "PostmanRuntime/7.26.8"\n',
  level: 'info',
  timestamp: '2020-12-13 23:29:31'
}
{
  level: 'error',
  message: "Cannot read property 'length' of undefined Cannot read property 'length' of undefined",
  stack: "TypeError: Cannot read property 'length' of undefined\n" +
    '    at /home/hello-world/Thesis/SMS-API/src/controllers/students.js:403:35\n' +
    '    at Array.map (<anonymous>)\n' +
    '    at exports.filterStudents (/home/hello-world/Thesis/SMS-API/src/controllers/students.js:402:14)\n' +
    '    at processTicksAndRejections (internal/process/task_queues.js:97:5)',
  timestamp: '2020-12-13 23:30:55'
}
{
  message: '::1 - - [13/Dec/2020:17:00:55 +0000] "GET /api/students/academic-year/6/major/1 HTTP/1.1" 500 103 "-" "PostmanRuntime/7.26.8"\n',
  level: 'info',
  timestamp: '2020-12-13 23:30:55'
}
{
  message: '::1 - - [13/Dec/2020:17:02:04 +0000] "GET /api/students/academic-year/6/major/1 HTTP/1.1" 200 973 "-" "PostmanRuntime/7.26.8"\n',
  level: 'info',
  timestamp: '2020-12-13 23:32:04'
}
{
  name: 'SequelizeDatabaseError',
  parent: Error: Unknown column 'enrollments.student_id' in 'on clause'
      at Packet.asError (/home/hello-world/Thesis/SMS-API/node_modules/mysql2/lib/packets/packet.js:712:17)
      at Query.execute (/home/hello-world/Thesis/SMS-API/node_modules/mysql2/lib/commands/command.js:28:26)
      at Connection.handlePacket (/home/hello-world/Thesis/SMS-API/node_modules/mysql2/lib/connection.js:417:32)
      at PacketParser.onPacket (/home/hello-world/Thesis/SMS-API/node_modules/mysql2/lib/connection.js:75:12)
      at PacketParser.executeStart (/home/hello-world/Thesis/SMS-API/node_modules/mysql2/lib/packet_parser.js:75:16)
      at Socket.<anonymous> (/home/hello-world/Thesis/SMS-API/node_modules/mysql2/lib/connection.js:82:25)
      at Socket.emit (events.js:315:20)
      at addChunk (_stream_readable.js:302:12)
      at readableAddChunk (_stream_readable.js:278:9)
      at Socket.Readable.push (_stream_readable.js:217:10) {
    code: 'ER_BAD_FIELD_ERROR',
    errno: 1054,
    sqlState: '42S22',
    sqlMessage: "Unknown column 'enrollments.student_id' in 'on clause'",
    sql: "SELECT `Enrollment`.`enrollment_id` AS `enrollmentId`, `Enrollment`.`attendance_year_id` AS `attendanceYearId`, `Enrollment`.`roll_no` AS `rollNo`, `student`.`student_id` AS `student.studentId`, `student`.`name_en` AS `student.nameEn`, `student`.`nrc` AS `student.nrc`, `student`.`gender` AS `student.gender`, `student`.`phone` AS `student.phone`, `student`.`address` AS `student.address`, `student->parent`.`parent_id` AS `student.parent.parentId`, `student->parent`.`father_name_en` AS `student.parent.fatherNameEn`, `student->parent`.`father_nrc` AS `student.parent.fatherNrc`, `student->township`.`township_id` AS `student.township.townshipId`, `student->township`.`name` AS `student.township.name` FROM `enrollments` AS `Enrollment` LEFT OUTER JOIN `students` AS `student` ON `enrollments`.`student_id` = `student`.`student_id` LEFT OUTER JOIN `parents` AS `student->parent` ON `student`.`student_id` = `student->parent`.`student_id` LEFT OUTER JOIN `townships` AS `student->township` ON `student`.`township_id` = `student->township`.`township_id` WHERE `Enrollment`.`academic_year_id` = '6';",
    parameters: undefined
  },
  original: Error: Unknown column 'enrollments.student_id' in 'on clause'
      at Packet.asError (/home/hello-world/Thesis/SMS-API/node_modules/mysql2/lib/packets/packet.js:712:17)
      at Query.execute (/home/hello-world/Thesis/SMS-API/node_modules/mysql2/lib/commands/command.js:28:26)
      at Connection.handlePacket (/home/hello-world/Thesis/SMS-API/node_modules/mysql2/lib/connection.js:417:32)
      at PacketParser.onPacket (/home/hello-world/Thesis/SMS-API/node_modules/mysql2/lib/connection.js:75:12)
      at PacketParser.executeStart (/home/hello-world/Thesis/SMS-API/node_modules/mysql2/lib/packet_parser.js:75:16)
      at Socket.<anonymous> (/home/hello-world/Thesis/SMS-API/node_modules/mysql2/lib/connection.js:82:25)
      at Socket.emit (events.js:315:20)
      at addChunk (_stream_readable.js:302:12)
      at readableAddChunk (_stream_readable.js:278:9)
      at Socket.Readable.push (_stream_readable.js:217:10) {
    code: 'ER_BAD_FIELD_ERROR',
    errno: 1054,
    sqlState: '42S22',
    sqlMessage: "Unknown column 'enrollments.student_id' in 'on clause'",
    sql: "SELECT `Enrollment`.`enrollment_id` AS `enrollmentId`, `Enrollment`.`attendance_year_id` AS `attendanceYearId`, `Enrollment`.`roll_no` AS `rollNo`, `student`.`student_id` AS `student.studentId`, `student`.`name_en` AS `student.nameEn`, `student`.`nrc` AS `student.nrc`, `student`.`gender` AS `student.gender`, `student`.`phone` AS `student.phone`, `student`.`address` AS `student.address`, `student->parent`.`parent_id` AS `student.parent.parentId`, `student->parent`.`father_name_en` AS `student.parent.fatherNameEn`, `student->parent`.`father_nrc` AS `student.parent.fatherNrc`, `student->township`.`township_id` AS `student.township.townshipId`, `student->township`.`name` AS `student.township.name` FROM `enrollments` AS `Enrollment` LEFT OUTER JOIN `students` AS `student` ON `enrollments`.`student_id` = `student`.`student_id` LEFT OUTER JOIN `parents` AS `student->parent` ON `student`.`student_id` = `student->parent`.`student_id` LEFT OUTER JOIN `townships` AS `student->township` ON `student`.`township_id` = `student->township`.`township_id` WHERE `Enrollment`.`academic_year_id` = '6';",
    parameters: undefined
  },
  sql: "SELECT `Enrollment`.`enrollment_id` AS `enrollmentId`, `Enrollment`.`attendance_year_id` AS `attendanceYearId`, `Enrollment`.`roll_no` AS `rollNo`, `student`.`student_id` AS `student.studentId`, `student`.`name_en` AS `student.nameEn`, `student`.`nrc` AS `student.nrc`, `student`.`gender` AS `student.gender`, `student`.`phone` AS `student.phone`, `student`.`address` AS `student.address`, `student->parent`.`parent_id` AS `student.parent.parentId`, `student->parent`.`father_name_en` AS `student.parent.fatherNameEn`, `student->parent`.`father_nrc` AS `student.parent.fatherNrc`, `student->township`.`township_id` AS `student.township.townshipId`, `student->township`.`name` AS `student.township.name` FROM `enrollments` AS `Enrollment` LEFT OUTER JOIN `students` AS `student` ON `enrollments`.`student_id` = `student`.`student_id` LEFT OUTER JOIN `parents` AS `student->parent` ON `student`.`student_id` = `student->parent`.`student_id` LEFT OUTER JOIN `townships` AS `student->township` ON `student`.`township_id` = `student->township`.`township_id` WHERE `Enrollment`.`academic_year_id` = '6';",
  parameters: undefined,
  level: 'error',
  message: "Unknown column 'enrollments.student_id' in 'on clause' Unknown column 'enrollments.student_id' in 'on clause'",
  stack: "SequelizeDatabaseError: Unknown column 'enrollments.student_id' in 'on clause'\n" +
    '    at Query.formatError (/home/hello-world/Thesis/SMS-API/node_modules/sequelize/lib/dialects/mysql/query.js:239:16)\n' +
    '    at Query.run (/home/hello-world/Thesis/SMS-API/node_modules/sequelize/lib/dialects/mysql/query.js:54:18)\n' +
    '    at processTicksAndRejections (internal/process/task_queues.js:97:5)\n' +
    '    at async /home/hello-world/Thesis/SMS-API/node_modules/sequelize/lib/sequelize.js:619:16\n' +
    '    at async MySQLQueryInterface.select (/home/hello-world/Thesis/SMS-API/node_modules/sequelize/lib/dialects/abstract/query-interface.js:938:12)\n' +
    '    at async Function.findAll (/home/hello-world/Thesis/SMS-API/node_modules/sequelize/lib/model.js:1741:21)\n' +
    '    at async exports.filterStudents (/home/hello-world/Thesis/SMS-API/src/controllers/students.js:348:19)',
  timestamp: '2020-12-13 23:38:13'
}
{
  message: '::1 - - [13/Dec/2020:17:08:13 +0000] "GET /api/students/academic-year/6/major/1 HTTP/1.1" 500 103 "-" "PostmanRuntime/7.26.8"\n',
  level: 'info',
  timestamp: '2020-12-13 23:38:13'
}
{
  name: 'SequelizeDatabaseError',
  parent: Error: Unknown column 'enrollments.student_id' in 'on clause'
      at Packet.asError (/home/hello-world/Thesis/SMS-API/node_modules/mysql2/lib/packets/packet.js:712:17)
      at Query.execute (/home/hello-world/Thesis/SMS-API/node_modules/mysql2/lib/commands/command.js:28:26)
      at Connection.handlePacket (/home/hello-world/Thesis/SMS-API/node_modules/mysql2/lib/connection.js:417:32)
      at PacketParser.onPacket (/home/hello-world/Thesis/SMS-API/node_modules/mysql2/lib/connection.js:75:12)
      at PacketParser.executeStart (/home/hello-world/Thesis/SMS-API/node_modules/mysql2/lib/packet_parser.js:75:16)
      at Socket.<anonymous> (/home/hello-world/Thesis/SMS-API/node_modules/mysql2/lib/connection.js:82:25)
      at Socket.emit (events.js:315:20)
      at addChunk (_stream_readable.js:302:12)
      at readableAddChunk (_stream_readable.js:278:9)
      at Socket.Readable.push (_stream_readable.js:217:10) {
    code: 'ER_BAD_FIELD_ERROR',
    errno: 1054,
    sqlState: '42S22',
    sqlMessage: "Unknown column 'enrollments.student_id' in 'on clause'",
    sql: "SELECT `Enrollment`.`enrollment_id` AS `enrollmentId`, `Enrollment`.`attendance_year_id` AS `attendanceYearId`, `Enrollment`.`roll_no` AS `rollNo`, `student`.`student_id` AS `student.studentId`, `student`.`name_en` AS `student.nameEn`, `student`.`nrc` AS `student.nrc`, `student`.`gender` AS `student.gender`, `student`.`phone` AS `student.phone`, `student`.`address` AS `student.address`, `student->parent`.`parent_id` AS `student.parent.parentId`, `student->parent`.`father_name_en` AS `student.parent.fatherNameEn`, `student->parent`.`father_nrc` AS `student.parent.fatherNrc`, `student->township`.`township_id` AS `student.township.townshipId`, `student->township`.`name` AS `student.township.name` FROM `enrollments` AS `Enrollment` LEFT OUTER JOIN `students` AS `student` ON `enrollments`.`student_id` = `student`.`student_id` LEFT OUTER JOIN `parents` AS `student->parent` ON `student`.`student_id` = `student->parent`.`student_id` LEFT OUTER JOIN `townships` AS `student->township` ON `student`.`township_id` = `student->township`.`township_id` WHERE `Enrollment`.`academic_year_id` = '6';",
    parameters: undefined
  },
  original: Error: Unknown column 'enrollments.student_id' in 'on clause'
      at Packet.asError (/home/hello-world/Thesis/SMS-API/node_modules/mysql2/lib/packets/packet.js:712:17)
      at Query.execute (/home/hello-world/Thesis/SMS-API/node_modules/mysql2/lib/commands/command.js:28:26)
      at Connection.handlePacket (/home/hello-world/Thesis/SMS-API/node_modules/mysql2/lib/connection.js:417:32)
      at PacketParser.onPacket (/home/hello-world/Thesis/SMS-API/node_modules/mysql2/lib/connection.js:75:12)
      at PacketParser.executeStart (/home/hello-world/Thesis/SMS-API/node_modules/mysql2/lib/packet_parser.js:75:16)
      at Socket.<anonymous> (/home/hello-world/Thesis/SMS-API/node_modules/mysql2/lib/connection.js:82:25)
      at Socket.emit (events.js:315:20)
      at addChunk (_stream_readable.js:302:12)
      at readableAddChunk (_stream_readable.js:278:9)
      at Socket.Readable.push (_stream_readable.js:217:10) {
    code: 'ER_BAD_FIELD_ERROR',
    errno: 1054,
    sqlState: '42S22',
    sqlMessage: "Unknown column 'enrollments.student_id' in 'on clause'",
    sql: "SELECT `Enrollment`.`enrollment_id` AS `enrollmentId`, `Enrollment`.`attendance_year_id` AS `attendanceYearId`, `Enrollment`.`roll_no` AS `rollNo`, `student`.`student_id` AS `student.studentId`, `student`.`name_en` AS `student.nameEn`, `student`.`nrc` AS `student.nrc`, `student`.`gender` AS `student.gender`, `student`.`phone` AS `student.phone`, `student`.`address` AS `student.address`, `student->parent`.`parent_id` AS `student.parent.parentId`, `student->parent`.`father_name_en` AS `student.parent.fatherNameEn`, `student->parent`.`father_nrc` AS `student.parent.fatherNrc`, `student->township`.`township_id` AS `student.township.townshipId`, `student->township`.`name` AS `student.township.name` FROM `enrollments` AS `Enrollment` LEFT OUTER JOIN `students` AS `student` ON `enrollments`.`student_id` = `student`.`student_id` LEFT OUTER JOIN `parents` AS `student->parent` ON `student`.`student_id` = `student->parent`.`student_id` LEFT OUTER JOIN `townships` AS `student->township` ON `student`.`township_id` = `student->township`.`township_id` WHERE `Enrollment`.`academic_year_id` = '6';",
    parameters: undefined
  },
  sql: "SELECT `Enrollment`.`enrollment_id` AS `enrollmentId`, `Enrollment`.`attendance_year_id` AS `attendanceYearId`, `Enrollment`.`roll_no` AS `rollNo`, `student`.`student_id` AS `student.studentId`, `student`.`name_en` AS `student.nameEn`, `student`.`nrc` AS `student.nrc`, `student`.`gender` AS `student.gender`, `student`.`phone` AS `student.phone`, `student`.`address` AS `student.address`, `student->parent`.`parent_id` AS `student.parent.parentId`, `student->parent`.`father_name_en` AS `student.parent.fatherNameEn`, `student->parent`.`father_nrc` AS `student.parent.fatherNrc`, `student->township`.`township_id` AS `student.township.townshipId`, `student->township`.`name` AS `student.township.name` FROM `enrollments` AS `Enrollment` LEFT OUTER JOIN `students` AS `student` ON `enrollments`.`student_id` = `student`.`student_id` LEFT OUTER JOIN `parents` AS `student->parent` ON `student`.`student_id` = `student->parent`.`student_id` LEFT OUTER JOIN `townships` AS `student->township` ON `student`.`township_id` = `student->township`.`township_id` WHERE `Enrollment`.`academic_year_id` = '6';",
  parameters: undefined,
  level: 'error',
  message: "Unknown column 'enrollments.student_id' in 'on clause' Unknown column 'enrollments.student_id' in 'on clause'",
  stack: "SequelizeDatabaseError: Unknown column 'enrollments.student_id' in 'on clause'\n" +
    '    at Query.formatError (/home/hello-world/Thesis/SMS-API/node_modules/sequelize/lib/dialects/mysql/query.js:239:16)\n' +
    '    at Query.run (/home/hello-world/Thesis/SMS-API/node_modules/sequelize/lib/dialects/mysql/query.js:54:18)\n' +
    '    at processTicksAndRejections (internal/process/task_queues.js:97:5)\n' +
    '    at async /home/hello-world/Thesis/SMS-API/node_modules/sequelize/lib/sequelize.js:619:16\n' +
    '    at async MySQLQueryInterface.select (/home/hello-world/Thesis/SMS-API/node_modules/sequelize/lib/dialects/abstract/query-interface.js:938:12)\n' +
    '    at async Function.findAll (/home/hello-world/Thesis/SMS-API/node_modules/sequelize/lib/model.js:1741:21)\n' +
    '    at async exports.filterStudents (/home/hello-world/Thesis/SMS-API/src/controllers/students.js:348:19)',
  timestamp: '2020-12-13 23:38:25'
}
{
  message: '::1 - - [13/Dec/2020:17:08:25 +0000] "GET /api/students/academic-year/6/major/1 HTTP/1.1" 500 103 "-" "PostmanRuntime/7.26.8"\n',
  level: 'info',
  timestamp: '2020-12-13 23:38:25'
}
{
  name: 'SequelizeDatabaseError',
  parent: Error: Unknown column 'enrollments.student_id' in 'on clause'
      at Packet.asError (/home/hello-world/Thesis/SMS-API/node_modules/mysql2/lib/packets/packet.js:712:17)
      at Query.execute (/home/hello-world/Thesis/SMS-API/node_modules/mysql2/lib/commands/command.js:28:26)
      at Connection.handlePacket (/home/hello-world/Thesis/SMS-API/node_modules/mysql2/lib/connection.js:417:32)
      at PacketParser.onPacket (/home/hello-world/Thesis/SMS-API/node_modules/mysql2/lib/connection.js:75:12)
      at PacketParser.executeStart (/home/hello-world/Thesis/SMS-API/node_modules/mysql2/lib/packet_parser.js:75:16)
      at Socket.<anonymous> (/home/hello-world/Thesis/SMS-API/node_modules/mysql2/lib/connection.js:82:25)
      at Socket.emit (events.js:315:20)
      at addChunk (_stream_readable.js:302:12)
      at readableAddChunk (_stream_readable.js:278:9)
      at Socket.Readable.push (_stream_readable.js:217:10) {
    code: 'ER_BAD_FIELD_ERROR',
    errno: 1054,
    sqlState: '42S22',
    sqlMessage: "Unknown column 'enrollments.student_id' in 'on clause'",
    sql: "SELECT `Enrollment`.`enrollment_id` AS `enrollmentId`, `Enrollment`.`attendance_year_id` AS `attendanceYearId`, `Enrollment`.`roll_no` AS `rollNo`, `student`.`student_id` AS `student.studentId`, `student`.`name_en` AS `student.nameEn`, `student`.`nrc` AS `student.nrc`, `student`.`gender` AS `student.gender`, `student`.`phone` AS `student.phone`, `student`.`address` AS `student.address`, `student->parent`.`parent_id` AS `student.parent.parentId`, `student->parent`.`father_name_en` AS `student.parent.fatherNameEn`, `student->parent`.`father_nrc` AS `student.parent.fatherNrc`, `student->township`.`township_id` AS `student.township.townshipId`, `student->township`.`name` AS `student.township.name` FROM `enrollments` AS `Enrollment` LEFT OUTER JOIN `students` AS `student` ON `enrollments`.`student_id` = `student`.`student_id` LEFT OUTER JOIN `parents` AS `student->parent` ON `student`.`student_id` = `student->parent`.`student_id` LEFT OUTER JOIN `townships` AS `student->township` ON `student`.`township_id` = `student->township`.`township_id` WHERE `Enrollment`.`academic_year_id` = '6';",
    parameters: undefined
  },
  original: Error: Unknown column 'enrollments.student_id' in 'on clause'
      at Packet.asError (/home/hello-world/Thesis/SMS-API/node_modules/mysql2/lib/packets/packet.js:712:17)
      at Query.execute (/home/hello-world/Thesis/SMS-API/node_modules/mysql2/lib/commands/command.js:28:26)
      at Connection.handlePacket (/home/hello-world/Thesis/SMS-API/node_modules/mysql2/lib/connection.js:417:32)
      at PacketParser.onPacket (/home/hello-world/Thesis/SMS-API/node_modules/mysql2/lib/connection.js:75:12)
      at PacketParser.executeStart (/home/hello-world/Thesis/SMS-API/node_modules/mysql2/lib/packet_parser.js:75:16)
      at Socket.<anonymous> (/home/hello-world/Thesis/SMS-API/node_modules/mysql2/lib/connection.js:82:25)
      at Socket.emit (events.js:315:20)
      at addChunk (_stream_readable.js:302:12)
      at readableAddChunk (_stream_readable.js:278:9)
      at Socket.Readable.push (_stream_readable.js:217:10) {
    code: 'ER_BAD_FIELD_ERROR',
    errno: 1054,
    sqlState: '42S22',
    sqlMessage: "Unknown column 'enrollments.student_id' in 'on clause'",
    sql: "SELECT `Enrollment`.`enrollment_id` AS `enrollmentId`, `Enrollment`.`attendance_year_id` AS `attendanceYearId`, `Enrollment`.`roll_no` AS `rollNo`, `student`.`student_id` AS `student.studentId`, `student`.`name_en` AS `student.nameEn`, `student`.`nrc` AS `student.nrc`, `student`.`gender` AS `student.gender`, `student`.`phone` AS `student.phone`, `student`.`address` AS `student.address`, `student->parent`.`parent_id` AS `student.parent.parentId`, `student->parent`.`father_name_en` AS `student.parent.fatherNameEn`, `student->parent`.`father_nrc` AS `student.parent.fatherNrc`, `student->township`.`township_id` AS `student.township.townshipId`, `student->township`.`name` AS `student.township.name` FROM `enrollments` AS `Enrollment` LEFT OUTER JOIN `students` AS `student` ON `enrollments`.`student_id` = `student`.`student_id` LEFT OUTER JOIN `parents` AS `student->parent` ON `student`.`student_id` = `student->parent`.`student_id` LEFT OUTER JOIN `townships` AS `student->township` ON `student`.`township_id` = `student->township`.`township_id` WHERE `Enrollment`.`academic_year_id` = '6';",
    parameters: undefined
  },
  sql: "SELECT `Enrollment`.`enrollment_id` AS `enrollmentId`, `Enrollment`.`attendance_year_id` AS `attendanceYearId`, `Enrollment`.`roll_no` AS `rollNo`, `student`.`student_id` AS `student.studentId`, `student`.`name_en` AS `student.nameEn`, `student`.`nrc` AS `student.nrc`, `student`.`gender` AS `student.gender`, `student`.`phone` AS `student.phone`, `student`.`address` AS `student.address`, `student->parent`.`parent_id` AS `student.parent.parentId`, `student->parent`.`father_name_en` AS `student.parent.fatherNameEn`, `student->parent`.`father_nrc` AS `student.parent.fatherNrc`, `student->township`.`township_id` AS `student.township.townshipId`, `student->township`.`name` AS `student.township.name` FROM `enrollments` AS `Enrollment` LEFT OUTER JOIN `students` AS `student` ON `enrollments`.`student_id` = `student`.`student_id` LEFT OUTER JOIN `parents` AS `student->parent` ON `student`.`student_id` = `student->parent`.`student_id` LEFT OUTER JOIN `townships` AS `student->township` ON `student`.`township_id` = `student->township`.`township_id` WHERE `Enrollment`.`academic_year_id` = '6';",
  parameters: undefined,
  level: 'error',
  message: "Unknown column 'enrollments.student_id' in 'on clause' Unknown column 'enrollments.student_id' in 'on clause'",
  stack: "SequelizeDatabaseError: Unknown column 'enrollments.student_id' in 'on clause'\n" +
    '    at Query.formatError (/home/hello-world/Thesis/SMS-API/node_modules/sequelize/lib/dialects/mysql/query.js:239:16)\n' +
    '    at Query.run (/home/hello-world/Thesis/SMS-API/node_modules/sequelize/lib/dialects/mysql/query.js:54:18)\n' +
    '    at processTicksAndRejections (internal/process/task_queues.js:97:5)\n' +
    '    at async /home/hello-world/Thesis/SMS-API/node_modules/sequelize/lib/sequelize.js:619:16\n' +
    '    at async MySQLQueryInterface.select (/home/hello-world/Thesis/SMS-API/node_modules/sequelize/lib/dialects/abstract/query-interface.js:938:12)\n' +
    '    at async Function.findAll (/home/hello-world/Thesis/SMS-API/node_modules/sequelize/lib/model.js:1741:21)\n' +
    '    at async exports.filterStudents (/home/hello-world/Thesis/SMS-API/src/controllers/students.js:348:19)',
  timestamp: '2020-12-13 23:38:31'
}
{
  message: '::1 - - [13/Dec/2020:17:08:31 +0000] "GET /api/students/academic-year/6/major/1 HTTP/1.1" 500 103 "-" "PostmanRuntime/7.26.8"\n',
  level: 'info',
  timestamp: '2020-12-13 23:38:31'
}
{
  name: 'SequelizeDatabaseError',
  parent: Error: Unknown column 'enrollments.student_id' in 'on clause'
      at Packet.asError (/home/hello-world/Thesis/SMS-API/node_modules/mysql2/lib/packets/packet.js:712:17)
      at Query.execute (/home/hello-world/Thesis/SMS-API/node_modules/mysql2/lib/commands/command.js:28:26)
      at Connection.handlePacket (/home/hello-world/Thesis/SMS-API/node_modules/mysql2/lib/connection.js:417:32)
      at PacketParser.onPacket (/home/hello-world/Thesis/SMS-API/node_modules/mysql2/lib/connection.js:75:12)
      at PacketParser.executeStart (/home/hello-world/Thesis/SMS-API/node_modules/mysql2/lib/packet_parser.js:75:16)
      at Socket.<anonymous> (/home/hello-world/Thesis/SMS-API/node_modules/mysql2/lib/connection.js:82:25)
      at Socket.emit (events.js:315:20)
      at addChunk (_stream_readable.js:302:12)
      at readableAddChunk (_stream_readable.js:278:9)
      at Socket.Readable.push (_stream_readable.js:217:10) {
    code: 'ER_BAD_FIELD_ERROR',
    errno: 1054,
    sqlState: '42S22',
    sqlMessage: "Unknown column 'enrollments.student_id' in 'on clause'",
    sql: "SELECT `Enrollment`.`enrollment_id` AS `enrollmentId`, `Enrollment`.`attendance_year_id` AS `attendanceYearId`, `Enrollment`.`roll_no` AS `rollNo`, `student`.`student_id` AS `student.studentId`, `student`.`name_en` AS `student.nameEn`, `student`.`nrc` AS `student.nrc`, `student`.`gender` AS `student.gender`, `student`.`phone` AS `student.phone`, `student`.`address` AS `student.address`, `student->parent`.`parent_id` AS `student.parent.parentId`, `student->parent`.`father_name_en` AS `student.parent.fatherNameEn`, `student->parent`.`father_nrc` AS `student.parent.fatherNrc`, `student->township`.`township_id` AS `student.township.townshipId`, `student->township`.`name` AS `student.township.name` FROM `enrollments` AS `Enrollment` LEFT OUTER JOIN `students` AS `student` ON `enrollments`.`student_id` = `student`.`student_id` LEFT OUTER JOIN `parents` AS `student->parent` ON `student`.`student_id` = `student->parent`.`student_id` LEFT OUTER JOIN `townships` AS `student->township` ON `student`.`township_id` = `student->township`.`township_id` WHERE `Enrollment`.`academic_year_id` = '6';",
    parameters: undefined
  },
  original: Error: Unknown column 'enrollments.student_id' in 'on clause'
      at Packet.asError (/home/hello-world/Thesis/SMS-API/node_modules/mysql2/lib/packets/packet.js:712:17)
      at Query.execute (/home/hello-world/Thesis/SMS-API/node_modules/mysql2/lib/commands/command.js:28:26)
      at Connection.handlePacket (/home/hello-world/Thesis/SMS-API/node_modules/mysql2/lib/connection.js:417:32)
      at PacketParser.onPacket (/home/hello-world/Thesis/SMS-API/node_modules/mysql2/lib/connection.js:75:12)
      at PacketParser.executeStart (/home/hello-world/Thesis/SMS-API/node_modules/mysql2/lib/packet_parser.js:75:16)
      at Socket.<anonymous> (/home/hello-world/Thesis/SMS-API/node_modules/mysql2/lib/connection.js:82:25)
      at Socket.emit (events.js:315:20)
      at addChunk (_stream_readable.js:302:12)
      at readableAddChunk (_stream_readable.js:278:9)
      at Socket.Readable.push (_stream_readable.js:217:10) {
    code: 'ER_BAD_FIELD_ERROR',
    errno: 1054,
    sqlState: '42S22',
    sqlMessage: "Unknown column 'enrollments.student_id' in 'on clause'",
    sql: "SELECT `Enrollment`.`enrollment_id` AS `enrollmentId`, `Enrollment`.`attendance_year_id` AS `attendanceYearId`, `Enrollment`.`roll_no` AS `rollNo`, `student`.`student_id` AS `student.studentId`, `student`.`name_en` AS `student.nameEn`, `student`.`nrc` AS `student.nrc`, `student`.`gender` AS `student.gender`, `student`.`phone` AS `student.phone`, `student`.`address` AS `student.address`, `student->parent`.`parent_id` AS `student.parent.parentId`, `student->parent`.`father_name_en` AS `student.parent.fatherNameEn`, `student->parent`.`father_nrc` AS `student.parent.fatherNrc`, `student->township`.`township_id` AS `student.township.townshipId`, `student->township`.`name` AS `student.township.name` FROM `enrollments` AS `Enrollment` LEFT OUTER JOIN `students` AS `student` ON `enrollments`.`student_id` = `student`.`student_id` LEFT OUTER JOIN `parents` AS `student->parent` ON `student`.`student_id` = `student->parent`.`student_id` LEFT OUTER JOIN `townships` AS `student->township` ON `student`.`township_id` = `student->township`.`township_id` WHERE `Enrollment`.`academic_year_id` = '6';",
    parameters: undefined
  },
  sql: "SELECT `Enrollment`.`enrollment_id` AS `enrollmentId`, `Enrollment`.`attendance_year_id` AS `attendanceYearId`, `Enrollment`.`roll_no` AS `rollNo`, `student`.`student_id` AS `student.studentId`, `student`.`name_en` AS `student.nameEn`, `student`.`nrc` AS `student.nrc`, `student`.`gender` AS `student.gender`, `student`.`phone` AS `student.phone`, `student`.`address` AS `student.address`, `student->parent`.`parent_id` AS `student.parent.parentId`, `student->parent`.`father_name_en` AS `student.parent.fatherNameEn`, `student->parent`.`father_nrc` AS `student.parent.fatherNrc`, `student->township`.`township_id` AS `student.township.townshipId`, `student->township`.`name` AS `student.township.name` FROM `enrollments` AS `Enrollment` LEFT OUTER JOIN `students` AS `student` ON `enrollments`.`student_id` = `student`.`student_id` LEFT OUTER JOIN `parents` AS `student->parent` ON `student`.`student_id` = `student->parent`.`student_id` LEFT OUTER JOIN `townships` AS `student->township` ON `student`.`township_id` = `student->township`.`township_id` WHERE `Enrollment`.`academic_year_id` = '6';",
  parameters: undefined,
  level: 'error',
  message: "Unknown column 'enrollments.student_id' in 'on clause' Unknown column 'enrollments.student_id' in 'on clause'",
  stack: "SequelizeDatabaseError: Unknown column 'enrollments.student_id' in 'on clause'\n" +
    '    at Query.formatError (/home/hello-world/Thesis/SMS-API/node_modules/sequelize/lib/dialects/mysql/query.js:239:16)\n' +
    '    at Query.run (/home/hello-world/Thesis/SMS-API/node_modules/sequelize/lib/dialects/mysql/query.js:54:18)\n' +
    '    at processTicksAndRejections (internal/process/task_queues.js:97:5)\n' +
    '    at async /home/hello-world/Thesis/SMS-API/node_modules/sequelize/lib/sequelize.js:619:16\n' +
    '    at async MySQLQueryInterface.select (/home/hello-world/Thesis/SMS-API/node_modules/sequelize/lib/dialects/abstract/query-interface.js:938:12)\n' +
    '    at async Function.findAll (/home/hello-world/Thesis/SMS-API/node_modules/sequelize/lib/model.js:1741:21)\n' +
    '    at async exports.filterStudents (/home/hello-world/Thesis/SMS-API/src/controllers/students.js:348:19)',
  timestamp: '2020-12-13 23:39:26'
}
{
  message: '::1 - - [13/Dec/2020:17:09:26 +0000] "GET /api/students/academic-year/6/major/1 HTTP/1.1" 500 103 "-" "PostmanRuntime/7.26.8"\n',
  level: 'info',
  timestamp: '2020-12-13 23:39:26'
}
{
  level: 'error',
  message: 'studentss is not defined studentss is not defined',
  stack: 'ReferenceError: studentss is not defined\n' +
    '    at exports.filterStudents (/home/hello-world/Thesis/SMS-API/src/controllers/students.js:430:15)\n' +
    '    at newFn (/home/hello-world/Thesis/SMS-API/node_modules/express-async-errors/index.js:16:20)\n' +
    '    at Layer.handle [as handle_request] (/home/hello-world/Thesis/SMS-API/node_modules/express/lib/router/layer.js:95:5)\n' +
    '    at next (/home/hello-world/Thesis/SMS-API/node_modules/express/lib/router/route.js:137:13)\n' +
    '    at module.exports (/home/hello-world/Thesis/SMS-API/src/middlewares/hod.js:30:3)\n' +
    '    at newFn (/home/hello-world/Thesis/SMS-API/node_modules/express-async-errors/index.js:16:20)\n' +
    '    at Layer.handle [as handle_request] (/home/hello-world/Thesis/SMS-API/node_modules/express/lib/router/layer.js:95:5)\n' +
    '    at next (/home/hello-world/Thesis/SMS-API/node_modules/express/lib/router/route.js:137:13)\n' +
    '    at Route.dispatch (/home/hello-world/Thesis/SMS-API/node_modules/express/lib/router/route.js:112:3)\n' +
    '    at newFn (/home/hello-world/Thesis/SMS-API/node_modules/express-async-errors/index.js:16:20)',
  timestamp: '2020-12-13 23:39:44'
}
{
  message: '::1 - - [13/Dec/2020:17:09:44 +0000] "GET /api/students/academic-year/6/major/1 HTTP/1.1" 500 103 "-" "PostmanRuntime/7.26.8"\n',
  level: 'info',
  timestamp: '2020-12-13 23:39:44'
}
{
  level: 'error',
  message: 'studentss is not defined studentss is not defined',
  stack: 'ReferenceError: studentss is not defined\n' +
    '    at exports.filterStudents (/home/hello-world/Thesis/SMS-API/src/controllers/students.js:432:15)\n' +
    '    at newFn (/home/hello-world/Thesis/SMS-API/node_modules/express-async-errors/index.js:16:20)\n' +
    '    at Layer.handle [as handle_request] (/home/hello-world/Thesis/SMS-API/node_modules/express/lib/router/layer.js:95:5)\n' +
    '    at next (/home/hello-world/Thesis/SMS-API/node_modules/express/lib/router/route.js:137:13)\n' +
    '    at module.exports (/home/hello-world/Thesis/SMS-API/src/middlewares/hod.js:30:3)\n' +
    '    at newFn (/home/hello-world/Thesis/SMS-API/node_modules/express-async-errors/index.js:16:20)\n' +
    '    at Layer.handle [as handle_request] (/home/hello-world/Thesis/SMS-API/node_modules/express/lib/router/layer.js:95:5)\n' +
    '    at next (/home/hello-world/Thesis/SMS-API/node_modules/express/lib/router/route.js:137:13)\n' +
    '    at Route.dispatch (/home/hello-world/Thesis/SMS-API/node_modules/express/lib/router/route.js:112:3)\n' +
    '    at newFn (/home/hello-world/Thesis/SMS-API/node_modules/express-async-errors/index.js:16:20)',
  timestamp: '2020-12-13 23:40:16'
}
{
  message: '::1 - - [13/Dec/2020:17:10:16 +0000] "GET /api/students/academic-year/6/major/1 HTTP/1.1" 500 103 "-" "PostmanRuntime/7.26.8"\n',
  level: 'info',
  timestamp: '2020-12-13 23:40:16'
}
{
  name: 'SequelizeDatabaseError',
  parent: Error: Unknown column 'enrollments.student_id' in 'on clause'
      at Packet.asError (/home/hello-world/Thesis/SMS-API/node_modules/mysql2/lib/packets/packet.js:712:17)
      at Query.execute (/home/hello-world/Thesis/SMS-API/node_modules/mysql2/lib/commands/command.js:28:26)
      at Connection.handlePacket (/home/hello-world/Thesis/SMS-API/node_modules/mysql2/lib/connection.js:417:32)
      at PacketParser.onPacket (/home/hello-world/Thesis/SMS-API/node_modules/mysql2/lib/connection.js:75:12)
      at PacketParser.executeStart (/home/hello-world/Thesis/SMS-API/node_modules/mysql2/lib/packet_parser.js:75:16)
      at Socket.<anonymous> (/home/hello-world/Thesis/SMS-API/node_modules/mysql2/lib/connection.js:82:25)
      at Socket.emit (events.js:315:20)
      at addChunk (_stream_readable.js:302:12)
      at readableAddChunk (_stream_readable.js:278:9)
      at Socket.Readable.push (_stream_readable.js:217:10) {
    code: 'ER_BAD_FIELD_ERROR',
    errno: 1054,
    sqlState: '42S22',
    sqlMessage: "Unknown column 'enrollments.student_id' in 'on clause'",
    sql: "SELECT `Enrollment`.`enrollment_id` AS `enrollmentId`, `Enrollment`.`attendance_year_id` AS `attendanceYearId`, `Enrollment`.`roll_no` AS `rollNo`, `student`.`student_id` AS `student.studentId`, `student`.`name_en` AS `student.nameEn`, `student`.`nrc` AS `student.nrc`, `student`.`gender` AS `student.gender`, `student`.`phone` AS `student.phone`, `student`.`address` AS `student.address`, `student->parent`.`parent_id` AS `student.parent.parentId`, `student->parent`.`father_name_en` AS `student.parent.fatherNameEn`, `student->parent`.`father_nrc` AS `student.parent.fatherNrc`, `student->township`.`township_id` AS `student.township.townshipId`, `student->township`.`name` AS `student.township.name` FROM `enrollments` AS `Enrollment` LEFT OUTER JOIN `students` AS `student` ON `enrollments`.`student_id` = `student`.`student_id` LEFT OUTER JOIN `parents` AS `student->parent` ON `student`.`student_id` = `student->parent`.`student_id` LEFT OUTER JOIN `townships` AS `student->township` ON `student`.`township_id` = `student->township`.`township_id` WHERE `Enrollment`.`academic_year_id` = '6';",
    parameters: undefined
  },
  original: Error: Unknown column 'enrollments.student_id' in 'on clause'
      at Packet.asError (/home/hello-world/Thesis/SMS-API/node_modules/mysql2/lib/packets/packet.js:712:17)
      at Query.execute (/home/hello-world/Thesis/SMS-API/node_modules/mysql2/lib/commands/command.js:28:26)
      at Connection.handlePacket (/home/hello-world/Thesis/SMS-API/node_modules/mysql2/lib/connection.js:417:32)
      at PacketParser.onPacket (/home/hello-world/Thesis/SMS-API/node_modules/mysql2/lib/connection.js:75:12)
      at PacketParser.executeStart (/home/hello-world/Thesis/SMS-API/node_modules/mysql2/lib/packet_parser.js:75:16)
      at Socket.<anonymous> (/home/hello-world/Thesis/SMS-API/node_modules/mysql2/lib/connection.js:82:25)
      at Socket.emit (events.js:315:20)
      at addChunk (_stream_readable.js:302:12)
      at readableAddChunk (_stream_readable.js:278:9)
      at Socket.Readable.push (_stream_readable.js:217:10) {
    code: 'ER_BAD_FIELD_ERROR',
    errno: 1054,
    sqlState: '42S22',
    sqlMessage: "Unknown column 'enrollments.student_id' in 'on clause'",
    sql: "SELECT `Enrollment`.`enrollment_id` AS `enrollmentId`, `Enrollment`.`attendance_year_id` AS `attendanceYearId`, `Enrollment`.`roll_no` AS `rollNo`, `student`.`student_id` AS `student.studentId`, `student`.`name_en` AS `student.nameEn`, `student`.`nrc` AS `student.nrc`, `student`.`gender` AS `student.gender`, `student`.`phone` AS `student.phone`, `student`.`address` AS `student.address`, `student->parent`.`parent_id` AS `student.parent.parentId`, `student->parent`.`father_name_en` AS `student.parent.fatherNameEn`, `student->parent`.`father_nrc` AS `student.parent.fatherNrc`, `student->township`.`township_id` AS `student.township.townshipId`, `student->township`.`name` AS `student.township.name` FROM `enrollments` AS `Enrollment` LEFT OUTER JOIN `students` AS `student` ON `enrollments`.`student_id` = `student`.`student_id` LEFT OUTER JOIN `parents` AS `student->parent` ON `student`.`student_id` = `student->parent`.`student_id` LEFT OUTER JOIN `townships` AS `student->township` ON `student`.`township_id` = `student->township`.`township_id` WHERE `Enrollment`.`academic_year_id` = '6';",
    parameters: undefined
  },
  sql: "SELECT `Enrollment`.`enrollment_id` AS `enrollmentId`, `Enrollment`.`attendance_year_id` AS `attendanceYearId`, `Enrollment`.`roll_no` AS `rollNo`, `student`.`student_id` AS `student.studentId`, `student`.`name_en` AS `student.nameEn`, `student`.`nrc` AS `student.nrc`, `student`.`gender` AS `student.gender`, `student`.`phone` AS `student.phone`, `student`.`address` AS `student.address`, `student->parent`.`parent_id` AS `student.parent.parentId`, `student->parent`.`father_name_en` AS `student.parent.fatherNameEn`, `student->parent`.`father_nrc` AS `student.parent.fatherNrc`, `student->township`.`township_id` AS `student.township.townshipId`, `student->township`.`name` AS `student.township.name` FROM `enrollments` AS `Enrollment` LEFT OUTER JOIN `students` AS `student` ON `enrollments`.`student_id` = `student`.`student_id` LEFT OUTER JOIN `parents` AS `student->parent` ON `student`.`student_id` = `student->parent`.`student_id` LEFT OUTER JOIN `townships` AS `student->township` ON `student`.`township_id` = `student->township`.`township_id` WHERE `Enrollment`.`academic_year_id` = '6';",
  parameters: undefined,
  level: 'error',
  message: "Unknown column 'enrollments.student_id' in 'on clause' Unknown column 'enrollments.student_id' in 'on clause'",
  stack: "SequelizeDatabaseError: Unknown column 'enrollments.student_id' in 'on clause'\n" +
    '    at Query.formatError (/home/hello-world/Thesis/SMS-API/node_modules/sequelize/lib/dialects/mysql/query.js:239:16)\n' +
    '    at Query.run (/home/hello-world/Thesis/SMS-API/node_modules/sequelize/lib/dialects/mysql/query.js:54:18)\n' +
    '    at processTicksAndRejections (internal/process/task_queues.js:97:5)\n' +
    '    at async /home/hello-world/Thesis/SMS-API/node_modules/sequelize/lib/sequelize.js:619:16\n' +
    '    at async MySQLQueryInterface.select (/home/hello-world/Thesis/SMS-API/node_modules/sequelize/lib/dialects/abstract/query-interface.js:938:12)\n' +
    '    at async Function.findAll (/home/hello-world/Thesis/SMS-API/node_modules/sequelize/lib/model.js:1741:21)\n' +
    '    at async exports.filterStudents (/home/hello-world/Thesis/SMS-API/src/controllers/students.js:346:19)',
  timestamp: '2020-12-13 23:41:02'
}
{
  message: '::1 - - [13/Dec/2020:17:11:02 +0000] "GET /api/students/academic-year/6/major/1 HTTP/1.1" 500 103 "-" "PostmanRuntime/7.26.8"\n',
  level: 'info',
  timestamp: '2020-12-13 23:41:02'
}
{
  name: 'SequelizeDatabaseError',
  parent: Error: Unknown column 'enrollments.student_id' in 'on clause'
      at Packet.asError (/home/hello-world/Thesis/SMS-API/node_modules/mysql2/lib/packets/packet.js:712:17)
      at Query.execute (/home/hello-world/Thesis/SMS-API/node_modules/mysql2/lib/commands/command.js:28:26)
      at Connection.handlePacket (/home/hello-world/Thesis/SMS-API/node_modules/mysql2/lib/connection.js:417:32)
      at PacketParser.onPacket (/home/hello-world/Thesis/SMS-API/node_modules/mysql2/lib/connection.js:75:12)
      at PacketParser.executeStart (/home/hello-world/Thesis/SMS-API/node_modules/mysql2/lib/packet_parser.js:75:16)
      at Socket.<anonymous> (/home/hello-world/Thesis/SMS-API/node_modules/mysql2/lib/connection.js:82:25)
      at Socket.emit (events.js:315:20)
      at addChunk (_stream_readable.js:302:12)
      at readableAddChunk (_stream_readable.js:278:9)
      at Socket.Readable.push (_stream_readable.js:217:10) {
    code: 'ER_BAD_FIELD_ERROR',
    errno: 1054,
    sqlState: '42S22',
    sqlMessage: "Unknown column 'enrollments.student_id' in 'on clause'",
    sql: "SELECT `Enrollment`.`enrollment_id` AS `enrollmentId`, `Enrollment`.`attendance_year_id` AS `attendanceYearId`, `Enrollment`.`roll_no` AS `rollNo`, `student`.`student_id` AS `student.studentId`, `student`.`name_en` AS `student.nameEn`, `student`.`nrc` AS `student.nrc`, `student`.`gender` AS `student.gender`, `student`.`phone` AS `student.phone`, `student`.`address` AS `student.address`, `student->parent`.`parent_id` AS `student.parent.parentId`, `student->parent`.`father_name_en` AS `student.parent.fatherNameEn`, `student->parent`.`father_nrc` AS `student.parent.fatherNrc`, `student->township`.`township_id` AS `student.township.townshipId`, `student->township`.`name` AS `student.township.name` FROM `enrollments` AS `Enrollment` LEFT OUTER JOIN `students` AS `student` ON `enrollments`.`student_id` = `student`.`student_id` LEFT OUTER JOIN `parents` AS `student->parent` ON `student`.`student_id` = `student->parent`.`student_id` LEFT OUTER JOIN `townships` AS `student->township` ON `student`.`township_id` = `student->township`.`township_id` WHERE `Enrollment`.`academic_year_id` = '6';",
    parameters: undefined
  },
  original: Error: Unknown column 'enrollments.student_id' in 'on clause'
      at Packet.asError (/home/hello-world/Thesis/SMS-API/node_modules/mysql2/lib/packets/packet.js:712:17)
      at Query.execute (/home/hello-world/Thesis/SMS-API/node_modules/mysql2/lib/commands/command.js:28:26)
      at Connection.handlePacket (/home/hello-world/Thesis/SMS-API/node_modules/mysql2/lib/connection.js:417:32)
      at PacketParser.onPacket (/home/hello-world/Thesis/SMS-API/node_modules/mysql2/lib/connection.js:75:12)
      at PacketParser.executeStart (/home/hello-world/Thesis/SMS-API/node_modules/mysql2/lib/packet_parser.js:75:16)
      at Socket.<anonymous> (/home/hello-world/Thesis/SMS-API/node_modules/mysql2/lib/connection.js:82:25)
      at Socket.emit (events.js:315:20)
      at addChunk (_stream_readable.js:302:12)
      at readableAddChunk (_stream_readable.js:278:9)
      at Socket.Readable.push (_stream_readable.js:217:10) {
    code: 'ER_BAD_FIELD_ERROR',
    errno: 1054,
    sqlState: '42S22',
    sqlMessage: "Unknown column 'enrollments.student_id' in 'on clause'",
    sql: "SELECT `Enrollment`.`enrollment_id` AS `enrollmentId`, `Enrollment`.`attendance_year_id` AS `attendanceYearId`, `Enrollment`.`roll_no` AS `rollNo`, `student`.`student_id` AS `student.studentId`, `student`.`name_en` AS `student.nameEn`, `student`.`nrc` AS `student.nrc`, `student`.`gender` AS `student.gender`, `student`.`phone` AS `student.phone`, `student`.`address` AS `student.address`, `student->parent`.`parent_id` AS `student.parent.parentId`, `student->parent`.`father_name_en` AS `student.parent.fatherNameEn`, `student->parent`.`father_nrc` AS `student.parent.fatherNrc`, `student->township`.`township_id` AS `student.township.townshipId`, `student->township`.`name` AS `student.township.name` FROM `enrollments` AS `Enrollment` LEFT OUTER JOIN `students` AS `student` ON `enrollments`.`student_id` = `student`.`student_id` LEFT OUTER JOIN `parents` AS `student->parent` ON `student`.`student_id` = `student->parent`.`student_id` LEFT OUTER JOIN `townships` AS `student->township` ON `student`.`township_id` = `student->township`.`township_id` WHERE `Enrollment`.`academic_year_id` = '6';",
    parameters: undefined
  },
  sql: "SELECT `Enrollment`.`enrollment_id` AS `enrollmentId`, `Enrollment`.`attendance_year_id` AS `attendanceYearId`, `Enrollment`.`roll_no` AS `rollNo`, `student`.`student_id` AS `student.studentId`, `student`.`name_en` AS `student.nameEn`, `student`.`nrc` AS `student.nrc`, `student`.`gender` AS `student.gender`, `student`.`phone` AS `student.phone`, `student`.`address` AS `student.address`, `student->parent`.`parent_id` AS `student.parent.parentId`, `student->parent`.`father_name_en` AS `student.parent.fatherNameEn`, `student->parent`.`father_nrc` AS `student.parent.fatherNrc`, `student->township`.`township_id` AS `student.township.townshipId`, `student->township`.`name` AS `student.township.name` FROM `enrollments` AS `Enrollment` LEFT OUTER JOIN `students` AS `student` ON `enrollments`.`student_id` = `student`.`student_id` LEFT OUTER JOIN `parents` AS `student->parent` ON `student`.`student_id` = `student->parent`.`student_id` LEFT OUTER JOIN `townships` AS `student->township` ON `student`.`township_id` = `student->township`.`township_id` WHERE `Enrollment`.`academic_year_id` = '6';",
  parameters: undefined,
  level: 'error',
  message: "Unknown column 'enrollments.student_id' in 'on clause' Unknown column 'enrollments.student_id' in 'on clause'",
  stack: "SequelizeDatabaseError: Unknown column 'enrollments.student_id' in 'on clause'\n" +
    '    at Query.formatError (/home/hello-world/Thesis/SMS-API/node_modules/sequelize/lib/dialects/mysql/query.js:239:16)\n' +
    '    at Query.run (/home/hello-world/Thesis/SMS-API/node_modules/sequelize/lib/dialects/mysql/query.js:54:18)\n' +
    '    at processTicksAndRejections (internal/process/task_queues.js:97:5)\n' +
    '    at async /home/hello-world/Thesis/SMS-API/node_modules/sequelize/lib/sequelize.js:619:16\n' +
    '    at async MySQLQueryInterface.select (/home/hello-world/Thesis/SMS-API/node_modules/sequelize/lib/dialects/abstract/query-interface.js:938:12)\n' +
    '    at async Function.findAll (/home/hello-world/Thesis/SMS-API/node_modules/sequelize/lib/model.js:1741:21)\n' +
    '    at async exports.filterStudents (/home/hello-world/Thesis/SMS-API/src/controllers/students.js:346:19)',
  timestamp: '2020-12-13 23:41:07'
}
{
  message: '::1 - - [13/Dec/2020:17:11:07 +0000] "GET /api/students/academic-year/6/major/1 HTTP/1.1" 500 103 "-" "PostmanRuntime/7.26.8"\n',
  level: 'info',
  timestamp: '2020-12-13 23:41:07'
}
{
  name: 'SequelizeDatabaseError',
  parent: Error: Unknown column 'enrollments.student_id' in 'on clause'
      at Packet.asError (/home/hello-world/Thesis/SMS-API/node_modules/mysql2/lib/packets/packet.js:712:17)
      at Query.execute (/home/hello-world/Thesis/SMS-API/node_modules/mysql2/lib/commands/command.js:28:26)
      at Connection.handlePacket (/home/hello-world/Thesis/SMS-API/node_modules/mysql2/lib/connection.js:417:32)
      at PacketParser.onPacket (/home/hello-world/Thesis/SMS-API/node_modules/mysql2/lib/connection.js:75:12)
      at PacketParser.executeStart (/home/hello-world/Thesis/SMS-API/node_modules/mysql2/lib/packet_parser.js:75:16)
      at Socket.<anonymous> (/home/hello-world/Thesis/SMS-API/node_modules/mysql2/lib/connection.js:82:25)
      at Socket.emit (events.js:315:20)
      at addChunk (_stream_readable.js:302:12)
      at readableAddChunk (_stream_readable.js:278:9)
      at Socket.Readable.push (_stream_readable.js:217:10) {
    code: 'ER_BAD_FIELD_ERROR',
    errno: 1054,
    sqlState: '42S22',
    sqlMessage: "Unknown column 'enrollments.student_id' in 'on clause'",
    sql: "SELECT `Enrollment`.`enrollment_id` AS `enrollmentId`, `Enrollment`.`attendance_year_id` AS `attendanceYearId`, `Enrollment`.`roll_no` AS `rollNo`, `student`.`student_id` AS `student.studentId`, `student`.`name_en` AS `student.nameEn`, `student`.`nrc` AS `student.nrc`, `student`.`gender` AS `student.gender`, `student`.`phone` AS `student.phone`, `student`.`address` AS `student.address`, `student->parent`.`parent_id` AS `student.parent.parentId`, `student->parent`.`father_name_en` AS `student.parent.fatherNameEn`, `student->parent`.`father_nrc` AS `student.parent.fatherNrc`, `student->township`.`township_id` AS `student.township.townshipId`, `student->township`.`name` AS `student.township.name` FROM `enrollments` AS `Enrollment` LEFT OUTER JOIN `students` AS `student` ON `enrollments`.`student_id` = `student`.`student_id` LEFT OUTER JOIN `parents` AS `student->parent` ON `student`.`student_id` = `student->parent`.`student_id` LEFT OUTER JOIN `townships` AS `student->township` ON `student`.`township_id` = `student->township`.`township_id` WHERE `Enrollment`.`academic_year_id` = '6';",
    parameters: undefined
  },
  original: Error: Unknown column 'enrollments.student_id' in 'on clause'
      at Packet.asError (/home/hello-world/Thesis/SMS-API/node_modules/mysql2/lib/packets/packet.js:712:17)
      at Query.execute (/home/hello-world/Thesis/SMS-API/node_modules/mysql2/lib/commands/command.js:28:26)
      at Connection.handlePacket (/home/hello-world/Thesis/SMS-API/node_modules/mysql2/lib/connection.js:417:32)
      at PacketParser.onPacket (/home/hello-world/Thesis/SMS-API/node_modules/mysql2/lib/connection.js:75:12)
      at PacketParser.executeStart (/home/hello-world/Thesis/SMS-API/node_modules/mysql2/lib/packet_parser.js:75:16)
      at Socket.<anonymous> (/home/hello-world/Thesis/SMS-API/node_modules/mysql2/lib/connection.js:82:25)
      at Socket.emit (events.js:315:20)
      at addChunk (_stream_readable.js:302:12)
      at readableAddChunk (_stream_readable.js:278:9)
      at Socket.Readable.push (_stream_readable.js:217:10) {
    code: 'ER_BAD_FIELD_ERROR',
    errno: 1054,
    sqlState: '42S22',
    sqlMessage: "Unknown column 'enrollments.student_id' in 'on clause'",
    sql: "SELECT `Enrollment`.`enrollment_id` AS `enrollmentId`, `Enrollment`.`attendance_year_id` AS `attendanceYearId`, `Enrollment`.`roll_no` AS `rollNo`, `student`.`student_id` AS `student.studentId`, `student`.`name_en` AS `student.nameEn`, `student`.`nrc` AS `student.nrc`, `student`.`gender` AS `student.gender`, `student`.`phone` AS `student.phone`, `student`.`address` AS `student.address`, `student->parent`.`parent_id` AS `student.parent.parentId`, `student->parent`.`father_name_en` AS `student.parent.fatherNameEn`, `student->parent`.`father_nrc` AS `student.parent.fatherNrc`, `student->township`.`township_id` AS `student.township.townshipId`, `student->township`.`name` AS `student.township.name` FROM `enrollments` AS `Enrollment` LEFT OUTER JOIN `students` AS `student` ON `enrollments`.`student_id` = `student`.`student_id` LEFT OUTER JOIN `parents` AS `student->parent` ON `student`.`student_id` = `student->parent`.`student_id` LEFT OUTER JOIN `townships` AS `student->township` ON `student`.`township_id` = `student->township`.`township_id` WHERE `Enrollment`.`academic_year_id` = '6';",
    parameters: undefined
  },
  sql: "SELECT `Enrollment`.`enrollment_id` AS `enrollmentId`, `Enrollment`.`attendance_year_id` AS `attendanceYearId`, `Enrollment`.`roll_no` AS `rollNo`, `student`.`student_id` AS `student.studentId`, `student`.`name_en` AS `student.nameEn`, `student`.`nrc` AS `student.nrc`, `student`.`gender` AS `student.gender`, `student`.`phone` AS `student.phone`, `student`.`address` AS `student.address`, `student->parent`.`parent_id` AS `student.parent.parentId`, `student->parent`.`father_name_en` AS `student.parent.fatherNameEn`, `student->parent`.`father_nrc` AS `student.parent.fatherNrc`, `student->township`.`township_id` AS `student.township.townshipId`, `student->township`.`name` AS `student.township.name` FROM `enrollments` AS `Enrollment` LEFT OUTER JOIN `students` AS `student` ON `enrollments`.`student_id` = `student`.`student_id` LEFT OUTER JOIN `parents` AS `student->parent` ON `student`.`student_id` = `student->parent`.`student_id` LEFT OUTER JOIN `townships` AS `student->township` ON `student`.`township_id` = `student->township`.`township_id` WHERE `Enrollment`.`academic_year_id` = '6';",
  parameters: undefined,
  level: 'error',
  message: "Unknown column 'enrollments.student_id' in 'on clause' Unknown column 'enrollments.student_id' in 'on clause'",
  stack: "SequelizeDatabaseError: Unknown column 'enrollments.student_id' in 'on clause'\n" +
    '    at Query.formatError (/home/hello-world/Thesis/SMS-API/node_modules/sequelize/lib/dialects/mysql/query.js:239:16)\n' +
    '    at Query.run (/home/hello-world/Thesis/SMS-API/node_modules/sequelize/lib/dialects/mysql/query.js:54:18)\n' +
    '    at processTicksAndRejections (internal/process/task_queues.js:97:5)\n' +
    '    at async /home/hello-world/Thesis/SMS-API/node_modules/sequelize/lib/sequelize.js:619:16\n' +
    '    at async MySQLQueryInterface.select (/home/hello-world/Thesis/SMS-API/node_modules/sequelize/lib/dialects/abstract/query-interface.js:938:12)\n' +
    '    at async Function.findAll (/home/hello-world/Thesis/SMS-API/node_modules/sequelize/lib/model.js:1741:21)\n' +
    '    at async exports.filterStudents (/home/hello-world/Thesis/SMS-API/src/controllers/students.js:346:18)',
  timestamp: '2020-12-13 23:42:47'
}
{
  message: '::1 - - [13/Dec/2020:17:12:47 +0000] "GET /api/students/academic-year/6/major/1 HTTP/1.1" 500 103 "-" "PostmanRuntime/7.26.8"\n',
  level: 'info',
  timestamp: '2020-12-13 23:42:47'
}
{
  message: '::1 - - [13/Dec/2020:17:13:51 +0000] "GET /api/students/academic-year/6/major/1 HTTP/1.1" 500 1065 "-" "PostmanRuntime/7.26.8"\n',
  level: 'info',
  timestamp: '2020-12-13 23:43:51'
}
{
  message: '::1 - - [13/Dec/2020:17:16:30 +0000] "GET /api/students/academic-year/6/major/1 HTTP/1.1" 200 973 "-" "PostmanRuntime/7.26.8"\n',
  level: 'info',
  timestamp: '2020-12-13 23:46:30'
}
{
  message: '::1 - - [13/Dec/2020:17:16:48 +0000] "GET /api/students/academic-year/6/major/1 HTTP/1.1" 500 524 "-" "PostmanRuntime/7.26.8"\n',
  level: 'info',
  timestamp: '2020-12-13 23:46:48'
}
{
  message: '::1 - - [13/Dec/2020:17:17:15 +0000] "GET /api/students/academic-year/6/major/1 HTTP/1.1" 500 524 "-" "PostmanRuntime/7.26.8"\n',
  level: 'info',
  timestamp: '2020-12-13 23:47:15'
}
{
  message: '::1 - - [13/Dec/2020:17:17:29 +0000] "GET /api/students/academic-year/6/major/1 HTTP/1.1" 500 524 "-" "PostmanRuntime/7.26.8"\n',
  level: 'info',
  timestamp: '2020-12-13 23:47:29'
}
{
  message: '::1 - - [13/Dec/2020:17:18:14 +0000] "GET /api/students/academic-year/6/major/1 HTTP/1.1" 500 364 "-" "PostmanRuntime/7.26.8"\n',
  level: 'info',
  timestamp: '2020-12-13 23:48:14'
}
{
  message: '::1 - - [13/Dec/2020:17:18:22 +0000] "GET /api/students/academic-year/6/major/1 HTTP/1.1" 200 12559 "-" "PostmanRuntime/7.26.8"\n',
  level: 'info',
  timestamp: '2020-12-13 23:48:22'
}
{
  message: '::1 - - [13/Dec/2020:17:18:51 +0000] "GET /api/students/academic-year/6/major/1 HTTP/1.1" 200 973 "-" "PostmanRuntime/7.26.8"\n',
  level: 'info',
  timestamp: '2020-12-13 23:48:51'
}
{
  message: '::1 - - [13/Dec/2020:17:20:22 +0000] "GET /api/students/academic-year/6/major/1 HTTP/1.1" 200 973 "-" "PostmanRuntime/7.26.8"\n',
  level: 'info',
  timestamp: '2020-12-13 23:50:22'
}
{
  message: '::1 - - [13/Dec/2020:17:20:55 +0000] "GET /api/students/academic-year/6/major/1 HTTP/1.1" 200 973 "-" "PostmanRuntime/7.26.8"\n',
  level: 'info',
  timestamp: '2020-12-13 23:50:55'
}
{
  message: '::1 - - [13/Dec/2020:17:21:43 +0000] "GET /api/students/academic-year/6/major/1 HTTP/1.1" 200 1020 "-" "PostmanRuntime/7.26.8"\n',
  level: 'info',
  timestamp: '2020-12-13 23:51:43'
}
{
  message: '::1 - - [13/Dec/2020:17:23:54 +0000] "GET /api/students/academic-year/6/major/1 HTTP/1.1" 500 1077 "-" "PostmanRuntime/7.26.8"\n',
  level: 'info',
  timestamp: '2020-12-13 23:53:54'
}
{
  message: '::1 - - [13/Dec/2020:17:25:27 +0000] "GET /api/students/academic-year/6/major/1 HTTP/1.1" 500 1077 "-" "PostmanRuntime/7.26.8"\n',
  level: 'info',
  timestamp: '2020-12-13 23:55:27'
}
{
  message: '::1 - - [13/Dec/2020:17:27:11 +0000] "GET /api/students/academic-year/6/major/1 HTTP/1.1" 500 1077 "-" "PostmanRuntime/7.26.8"\n',
  level: 'info',
  timestamp: '2020-12-13 23:57:11'
}
{
  message: '::1 - - [13/Dec/2020:17:27:22 +0000] "GET /api/students/academic-year/6/major/1 HTTP/1.1" 500 1077 "-" "PostmanRuntime/7.26.8"\n',
  level: 'info',
  timestamp: '2020-12-13 23:57:22'
}
{
  message: '::1 - - [13/Dec/2020:17:29:42 +0000] "GET /api/students/academic-year/6/major/1 HTTP/1.1" 200 254 "-" "PostmanRuntime/7.26.8"\n',
  level: 'info',
  timestamp: '2020-12-13 23:59:42'
}
{
  message: '::1 - - [13/Dec/2020:17:30:54 +0000] "GET /api/students/academic-year/6/major/1 HTTP/1.1" 200 1176 "-" "PostmanRuntime/7.26.8"\n',
  level: 'info',
  timestamp: '2020-12-14 00:00:54'
}
{
  message: '::1 - - [13/Dec/2020:17:32:20 +0000] "GET /api/students/academic-year/6/major/1 HTTP/1.1" 500 524 "-" "PostmanRuntime/7.26.8"\n',
  level: 'info',
  timestamp: '2020-12-14 00:02:20'
}
{
  message: '::1 - - [13/Dec/2020:17:32:42 +0000] "GET /api/students/academic-year/6/major/1 HTTP/1.1" 500 524 "-" "PostmanRuntime/7.26.8"\n',
  level: 'info',
  timestamp: '2020-12-14 00:02:42'
}
{
  message: '::1 - - [13/Dec/2020:17:33:19 +0000] "GET /api/students/academic-year/6/major/1 HTTP/1.1" 200 1176 "-" "PostmanRuntime/7.26.8"\n',
  level: 'info',
  timestamp: '2020-12-14 00:03:19'
}
{
  message: '::1 - - [13/Dec/2020:17:33:48 +0000] "GET /api/students/academic-year/6/major/1 HTTP/1.1" 200 1134 "-" "PostmanRuntime/7.26.8"\n',
  level: 'info',
  timestamp: '2020-12-14 00:03:48'
}
{
  message: '::1 - - [13/Dec/2020:17:34:04 +0000] "GET /api/students/academic-year/6/major/1 HTTP/1.1" 200 1176 "-" "PostmanRuntime/7.26.8"\n',
  level: 'info',
  timestamp: '2020-12-14 00:04:04'
}
{
  message: '::1 - - [13/Dec/2020:17:34:26 +0000] "GET /api/students/academic-year/6/major/1 HTTP/1.1" 200 1176 "-" "PostmanRuntime/7.26.8"\n',
  level: 'info',
  timestamp: '2020-12-14 00:04:26'
}
{
  message: '::1 - - [13/Dec/2020:17:36:06 +0000] "GET /api/students/academic-year/6/major/1 HTTP/1.1" 500 1304 "-" "PostmanRuntime/7.26.8"\n',
  level: 'info',
  timestamp: '2020-12-14 00:06:06'
}
{
  message: '::1 - - [13/Dec/2020:17:36:22 +0000] "GET /api/students/academic-year/6/major/1 HTTP/1.1" 200 1176 "-" "PostmanRuntime/7.26.8"\n',
  level: 'info',
  timestamp: '2020-12-14 00:06:22'
}
{
  message: '::1 - - [13/Dec/2020:17:36:34 +0000] "GET /api/students/academic-year/6/major/1 HTTP/1.1" 200 1176 "-" "PostmanRuntime/7.26.8"\n',
  level: 'info',
  timestamp: '2020-12-14 00:06:34'
}
{
  message: '::1 - - [13/Dec/2020:17:36:50 +0000] "GET /api/students/academic-year/6/major/1 HTTP/1.1" 200 1176 "-" "PostmanRuntime/7.26.8"\n',
  level: 'info',
  timestamp: '2020-12-14 00:06:50'
}
{
  message: '::1 - - [13/Dec/2020:17:36:52 +0000] "GET /api/students/academic-year/6/major/1 HTTP/1.1" 200 1176 "-" "PostmanRuntime/7.26.8"\n',
  level: 'info',
  timestamp: '2020-12-14 00:06:52'
}
{
  message: '::1 - - [13/Dec/2020:17:37:09 +0000] "GET /api/students/academic-year/6/major/1 HTTP/1.1" 200 1176 "-" "PostmanRuntime/7.26.8"\n',
  level: 'info',
  timestamp: '2020-12-14 00:07:09'
}
{
  message: '::1 - - [13/Dec/2020:17:37:30 +0000] "GET /api/students/academic-year/6/major/1 HTTP/1.1" 200 1176 "-" "PostmanRuntime/7.26.8"\n',
  level: 'info',
  timestamp: '2020-12-14 00:07:30'
}
{
  message: '::1 - - [13/Dec/2020:17:38:27 +0000] "GET /api/students/academic-year/6/major/1 HTTP/1.1" 403 121 "-" "PostmanRuntime/7.26.8"\n',
  level: 'info',
  timestamp: '2020-12-14 00:08:27'
}
{
  message: '::1 - - [13/Dec/2020:17:38:41 +0000] "GET /api/students/academic-year/6/major/1 HTTP/1.1" 403 121 "-" "PostmanRuntime/7.26.8"\n',
  level: 'info',
  timestamp: '2020-12-14 00:08:41'
}
{
  message: '::1 - - [13/Dec/2020:17:38:43 +0000] "GET /api/students/academic-year/6/major/1 HTTP/1.1" 403 121 "-" "PostmanRuntime/7.26.8"\n',
  level: 'info',
  timestamp: '2020-12-14 00:08:43'
}
{
  message: '::1 - - [13/Dec/2020:17:39:10 +0000] "GET /api/students/academic-year/6/major/1 HTTP/1.1" 200 1176 "-" "PostmanRuntime/7.26.8"\n',
  level: 'info',
  timestamp: '2020-12-14 00:09:10'
}
{
  message: '::1 - - [13/Dec/2020:17:39:28 +0000] "GET /api/students/academic-year/6/major/1 HTTP/1.1" 404 38 "-" "PostmanRuntime/7.26.8"\n',
  level: 'info',
  timestamp: '2020-12-14 00:09:28'
}
{
  message: '::1 - - [13/Dec/2020:17:40:19 +0000] "GET /api/students/academic-year/6/major/1 HTTP/1.1" 403 121 "-" "PostmanRuntime/7.26.8"\n',
  level: 'info',
  timestamp: '2020-12-14 00:10:19'
}
{
  message: '::1 - - [13/Dec/2020:17:40:33 +0000] "GET /api/students/academic-year/6/major/1 HTTP/1.1" 200 1176 "-" "PostmanRuntime/7.26.8"\n',
  level: 'info',
  timestamp: '2020-12-14 00:10:33'
}
{
  message: '::1 - - [13/Dec/2020:17:43:21 +0000] "GET /api/students/academic-year/6/major/1 HTTP/1.1" 404 38 "-" "PostmanRuntime/7.26.8"\n',
  level: 'info',
  timestamp: '2020-12-14 00:13:21'
}
{
  message: '::1 - - [13/Dec/2020:17:43:36 +0000] "GET /api/students/academic-year/6/major/1 HTTP/1.1" 404 38 "-" "PostmanRuntime/7.26.8"\n',
  level: 'info',
  timestamp: '2020-12-14 00:13:36'
}
{
  message: '::1 - - [13/Dec/2020:17:44:00 +0000] "GET /api/students/academic-year/6/major/1 HTTP/1.1" 404 38 "-" "PostmanRuntime/7.26.8"\n',
  level: 'info',
  timestamp: '2020-12-14 00:14:00'
}
{
  message: '::1 - - [13/Dec/2020:17:44:51 +0000] "GET /api/students/academic-year/6/major/1 HTTP/1.1" 403 121 "-" "PostmanRuntime/7.26.8"\n',
  level: 'info',
  timestamp: '2020-12-14 00:14:51'
}
{
  message: '::1 - - [13/Dec/2020:17:45:11 +0000] "GET /api/students/academic-year/6/major/1 HTTP/1.1" 403 121 "-" "PostmanRuntime/7.26.8"\n',
  level: 'info',
  timestamp: '2020-12-14 00:15:11'
}
{
  message: '::1 - - [13/Dec/2020:17:45:16 +0000] "GET /api/students/academic-year/6/major/1 HTTP/1.1" 200 1176 "-" "PostmanRuntime/7.26.8"\n',
  level: 'info',
  timestamp: '2020-12-14 00:15:16'
}
{
  message: '::1 - - [13/Dec/2020:17:46:48 +0000] "GET /api/students/academic-year/6/major/1 HTTP/1.1" 200 1176 "-" "PostmanRuntime/7.26.8"\n',
  level: 'info',
  timestamp: '2020-12-14 00:16:48'
}
