{
  level: 'error',
  message: 'heee. heee.',
  stack: 'Error: heee.\n' +
    '    at exports.register (/home/hello-world/Thesis/SMS-API/src/controllers/users.js:12:9)\n' +
    '    at newFn (/home/hello-world/Thesis/SMS-API/node_modules/express-async-errors/index.js:16:20)\n' +
    '    at Layer.handle [as handle_request] (/home/hello-world/Thesis/SMS-API/node_modules/express/lib/router/layer.js:95:5)\n' +
    '    at next (/home/hello-world/Thesis/SMS-API/node_modules/express/lib/router/route.js:137:13)\n' +
    '    at Route.dispatch (/home/hello-world/Thesis/SMS-API/node_modules/express/lib/router/route.js:112:3)\n' +
    '    at newFn (/home/hello-world/Thesis/SMS-API/node_modules/express-async-errors/index.js:16:20)\n' +
    '    at Layer.handle [as handle_request] (/home/hello-world/Thesis/SMS-API/node_modules/express/lib/router/layer.js:95:5)\n' +
    '    at /home/hello-world/Thesis/SMS-API/node_modules/express/lib/router/index.js:281:22\n' +
    '    at Function.process_params (/home/hello-world/Thesis/SMS-API/node_modules/express/lib/router/index.js:335:12)\n' +
    '    at next (/home/hello-world/Thesis/SMS-API/node_modules/express/lib/router/index.js:275:10)',
  label: 'right meow!',
  timestamp: '2020-08-26T15:03:07.697Z'
}
{
  level: 'error',
  message: 'heee. heee.',
  stack: 'Error: heee.\n' +
    '    at exports.register (/home/hello-world/Thesis/SMS-API/src/controllers/users.js:12:9)\n' +
    '    at newFn (/home/hello-world/Thesis/SMS-API/node_modules/express-async-errors/index.js:16:20)\n' +
    '    at Layer.handle [as handle_request] (/home/hello-world/Thesis/SMS-API/node_modules/express/lib/router/layer.js:95:5)\n' +
    '    at next (/home/hello-world/Thesis/SMS-API/node_modules/express/lib/router/route.js:137:13)\n' +
    '    at Route.dispatch (/home/hello-world/Thesis/SMS-API/node_modules/express/lib/router/route.js:112:3)\n' +
    '    at newFn (/home/hello-world/Thesis/SMS-API/node_modules/express-async-errors/index.js:16:20)\n' +
    '    at Layer.handle [as handle_request] (/home/hello-world/Thesis/SMS-API/node_modules/express/lib/router/layer.js:95:5)\n' +
    '    at /home/hello-world/Thesis/SMS-API/node_modules/express/lib/router/index.js:281:22\n' +
    '    at Function.process_params (/home/hello-world/Thesis/SMS-API/node_modules/express/lib/router/index.js:335:12)\n' +
    '    at next (/home/hello-world/Thesis/SMS-API/node_modules/express/lib/router/index.js:275:10)',
  timestamp: '2020-08-26T15:06:22.686Z'
}
